{"/Users/ravindraadireddy/AiApps/src/App.tsx": {"path":"/Users/ravindraadireddy/AiApps/src/App.tsx","statementMap":{"0":{"start":{"line":1,"column":0},"end":{"line":1,"column":53}},"1":{"start":{"line":2,"column":0},"end":{"line":2,"column":40}},"2":{"start":{"line":3,"column":0},"end":{"line":3,"column":34}},"3":{"start":{"line":6,"column":22},"end":{"line":30,"column":1}},"4":{"start":{"line":7,"column":40},"end":{"line":7,"column":85}},"5":{"start":{"line":8,"column":42},"end":{"line":8,"column":71}},"6":{"start":{"line":10,"column":24},"end":{"line":13,"column":8}},"7":{"start":{"line":11,"column":4},"end":{"line":11,"column":28}},"8":{"start":{"line":12,"column":4},"end":{"line":12,"column":29}},"9":{"start":{"line":15,"column":26},"end":{"line":18,"column":8}},"10":{"start":{"line":16,"column":4},"end":{"line":16,"column":28}},"11":{"start":{"line":17,"column":4},"end":{"line":17,"column":29}},"12":{"start":{"line":20,"column":32},"end":{"line":23,"column":8}},"13":{"start":{"line":21,"column":4},"end":{"line":21,"column":26}},"14":{"start":{"line":22,"column":4},"end":{"line":22,"column":32}},"15":{"start":{"line":25,"column":2},"end":{"line":27,"column":3}},"16":{"start":{"line":26,"column":4},"end":{"line":26,"column":74}},"17":{"start":{"line":29,"column":2},"end":{"line":29,"column":79}},"18":{"start":{"line":32,"column":0},"end":{"line":32,"column":19}}},"fnMap":{"0":{"name":"(anonymous_9)","decl":{"start":{"line":6,"column":22},"end":{"line":6,"column":25}},"loc":{"start":{"line":6,"column":27},"end":{"line":30,"column":1}}},"1":{"name":"(anonymous_10)","decl":{"start":{"line":10,"column":36},"end":{"line":10,"column":37}},"loc":{"start":{"line":10,"column":57},"end":{"line":13,"column":3}}},"2":{"name":"(anonymous_11)","decl":{"start":{"line":15,"column":38},"end":{"line":15,"column":39}},"loc":{"start":{"line":15,"column":59},"end":{"line":18,"column":3}}},"3":{"name":"(anonymous_12)","decl":{"start":{"line":20,"column":44},"end":{"line":20,"column":47}},"loc":{"start":{"line":20,"column":49},"end":{"line":23,"column":3}}}},"branchMap":{"0":{"loc":{"start":{"line":25,"column":2},"end":{"line":27,"column":3}},"type":"if","locations":[{"start":{"line":25,"column":2},"end":{"line":27,"column":3}}]},"1":{"loc":{"start":{"line":25,"column":6},"end":{"line":25,"column":46}},"type":"binary-expr","locations":[{"start":{"line":25,"column":6},"end":{"line":25,"column":30}},{"start":{"line":25,"column":34},"end":{"line":25,"column":46}}]}},"s":{"0":0,"1":0,"2":0,"3":0,"4":0,"5":0,"6":0,"7":0,"8":0,"9":0,"10":0,"11":0,"12":0,"13":0,"14":0,"15":0,"16":0,"17":0,"18":0},"f":{"0":0,"1":0,"2":0,"3":0},"b":{"0":[0],"1":[0,0]}}
,"/Users/ravindraadireddy/AiApps/src/CreateAppModal.tsx": {"path":"/Users/ravindraadireddy/AiApps/src/CreateAppModal.tsx","statementMap":{"0":{"start":{"line":1,"column":0},"end":{"line":1,"column":34}}},"fnMap":{},"branchMap":{},"s":{"0":0},"f":{},"b":{}}
,"/Users/ravindraadireddy/AiApps/src/Dashboard.tsx": {"path":"/Users/ravindraadireddy/AiApps/src/Dashboard.tsx","statementMap":{"0":{"start":{"line":1,"column":0},"end":{"line":1,"column":29}}},"fnMap":{},"branchMap":{},"s":{"0":0},"f":{},"b":{}}
,"/Users/ravindraadireddy/AiApps/src/DeleteConfirmationModal.tsx": {"path":"/Users/ravindraadireddy/AiApps/src/DeleteConfirmationModal.tsx","statementMap":{"0":{"start":{"line":1,"column":0},"end":{"line":1,"column":43}}},"fnMap":{},"branchMap":{},"s":{"0":0},"f":{},"b":{}}
,"/Users/ravindraadireddy/AiApps/src/Editor.tsx": {"path":"/Users/ravindraadireddy/AiApps/src/Editor.tsx","statementMap":{"0":{"start":{"line":1,"column":0},"end":{"line":1,"column":26}}},"fnMap":{},"branchMap":{},"s":{"0":1},"f":{},"b":{}}
,"/Users/ravindraadireddy/AiApps/src/ImportConfirmationModal.tsx": {"path":"/Users/ravindraadireddy/AiApps/src/ImportConfirmationModal.tsx","statementMap":{"0":{"start":{"line":1,"column":0},"end":{"line":1,"column":43}}},"fnMap":{},"branchMap":{},"s":{"0":0},"f":{},"b":{}}
,"/Users/ravindraadireddy/AiApps/src/RenameAppModal.tsx": {"path":"/Users/ravindraadireddy/AiApps/src/RenameAppModal.tsx","statementMap":{"0":{"start":{"line":1,"column":0},"end":{"line":1,"column":34}}},"fnMap":{},"branchMap":{},"s":{"0":0},"f":{},"b":{}}
,"/Users/ravindraadireddy/AiApps/src/ThemeEditorModal.tsx": {"path":"/Users/ravindraadireddy/AiApps/src/ThemeEditorModal.tsx","statementMap":{"0":{"start":{"line":1,"column":0},"end":{"line":1,"column":36}}},"fnMap":{},"branchMap":{},"s":{"0":0},"f":{},"b":{}}
,"/Users/ravindraadireddy/AiApps/src/ThemePanel.tsx": {"path":"/Users/ravindraadireddy/AiApps/src/ThemePanel.tsx","statementMap":{"0":{"start":{"line":1,"column":0},"end":{"line":1,"column":30}}},"fnMap":{},"branchMap":{},"s":{"0":0},"f":{},"b":{}}
,"/Users/ravindraadireddy/AiApps/src/storageService.ts": {"path":"/Users/ravindraadireddy/AiApps/src/storageService.ts","statementMap":{"0":{"start":{"line":3,"column":23},"end":{"line":3,"column":51}},"1":{"start":{"line":4,"column":24},"end":{"line":4,"column":46}},"2":{"start":{"line":5,"column":26},"end":{"line":5,"column":57}},"3":{"start":{"line":6,"column":26},"end":{"line":6,"column":57}},"4":{"start":{"line":7,"column":27},"end":{"line":7,"column":66}},"5":{"start":{"line":9,"column":33},"end":{"line":35,"column":2}},"6":{"start":{"line":38,"column":48},"end":{"line":281,"column":2}},"7":{"start":{"line":40,"column":22},"end":{"line":40,"column":58}},"8":{"start":{"line":41,"column":4},"end":{"line":43,"column":5}},"9":{"start":{"line":42,"column":6},"end":{"line":42,"column":16}},"10":{"start":{"line":44,"column":4},"end":{"line":50,"column":5}},"11":{"start":{"line":45,"column":20},"end":{"line":45,"column":41}},"12":{"start":{"line":46,"column":6},"end":{"line":46,"column":47}},"13":{"start":{"line":48,"column":6},"end":{"line":48,"column":102}},"14":{"start":{"line":49,"column":6},"end":{"line":49,"column":16}},"15":{"start":{"line":54,"column":24},"end":{"line":54,"column":71}},"16":{"start":{"line":55,"column":4},"end":{"line":57,"column":5}},"17":{"start":{"line":56,"column":8},"end":{"line":56,"column":20}},"18":{"start":{"line":58,"column":4},"end":{"line":77,"column":5}},"19":{"start":{"line":59,"column":20},"end":{"line":59,"column":43}},"20":{"start":{"line":62,"column":8},"end":{"line":67,"column":9}},"21":{"start":{"line":63,"column":34},"end":{"line":63,"column":59}},"22":{"start":{"line":64,"column":12},"end":{"line":64,"column":67}},"23":{"start":{"line":65,"column":12},"end":{"line":65,"column":43}},"24":{"start":{"line":66,"column":12},"end":{"line":66,"column":128}},"25":{"start":{"line":66,"column":94},"end":{"line":66,"column":125}},"26":{"start":{"line":70,"column":8},"end":{"line":72,"column":9}},"27":{"start":{"line":71,"column":10},"end":{"line":71,"column":40}},"28":{"start":{"line":73,"column":8},"end":{"line":73,"column":19}},"29":{"start":{"line":75,"column":8},"end":{"line":75,"column":89}},"30":{"start":{"line":76,"column":8},"end":{"line":76,"column":20}},"31":{"start":{"line":81,"column":23},"end":{"line":84,"column":6}},"32":{"start":{"line":86,"column":4},"end":{"line":86,"column":84}},"33":{"start":{"line":88,"column":33},"end":{"line":88,"column":64}},"34":{"start":{"line":89,"column":21},"end":{"line":89,"column":58}},"35":{"start":{"line":89,"column":42},"end":{"line":89,"column":57}},"36":{"start":{"line":90,"column":34},"end":{"line":95,"column":6}},"37":{"start":{"line":97,"column":4},"end":{"line":101,"column":5}},"38":{"start":{"line":98,"column":6},"end":{"line":98,"column":33}},"39":{"start":{"line":100,"column":6},"end":{"line":100,"column":27}},"40":{"start":{"line":102,"column":4},"end":{"line":102,"column":64}},"41":{"start":{"line":104,"column":4},"end":{"line":104,"column":22}},"42":{"start":{"line":108,"column":4},"end":{"line":125,"column":5}},"43":{"start":{"line":110,"column":30},"end":{"line":110,"column":50}},"44":{"start":{"line":111,"column":38},"end":{"line":123,"column":10}},"45":{"start":{"line":124,"column":8},"end":{"line":124,"column":36}},"46":{"start":{"line":128,"column":22},"end":{"line":128,"column":68}},"47":{"start":{"line":130,"column":22},"end":{"line":130,"column":47}},"48":{"start":{"line":131,"column":27},"end":{"line":131,"column":52}},"49":{"start":{"line":133,"column":4},"end":{"line":138,"column":7}},"50":{"start":{"line":134,"column":22},"end":{"line":134,"column":29}},"51":{"start":{"line":135,"column":22},"end":{"line":135,"column":51}},"52":{"start":{"line":136,"column":8},"end":{"line":136,"column":24}},"53":{"start":{"line":137,"column":8},"end":{"line":137,"column":36}},"54":{"start":{"line":140,"column":4},"end":{"line":145,"column":7}},"55":{"start":{"line":141,"column":22},"end":{"line":141,"column":34}},"56":{"start":{"line":142,"column":22},"end":{"line":142,"column":64}},"57":{"start":{"line":143,"column":8},"end":{"line":143,"column":29}},"58":{"start":{"line":144,"column":8},"end":{"line":144,"column":41}},"59":{"start":{"line":147,"column":4},"end":{"line":152,"column":7}},"60":{"start":{"line":148,"column":8},"end":{"line":150,"column":9}},"61":{"start":{"line":149,"column":12},"end":{"line":149,"column":80}},"62":{"start":{"line":151,"column":8},"end":{"line":151,"column":60}},"63":{"start":{"line":154,"column":4},"end":{"line":154,"column":64}},"64":{"start":{"line":156,"column":36},"end":{"line":162,"column":6}},"65":{"start":{"line":164,"column":4},"end":{"line":164,"column":34}},"66":{"start":{"line":168,"column":31},"end":{"line":168,"column":62}},"67":{"start":{"line":169,"column":4},"end":{"line":169,"column":43}},"68":{"start":{"line":169,"column":30},"end":{"line":169,"column":41}},"69":{"start":{"line":170,"column":4},"end":{"line":170,"column":64}},"70":{"start":{"line":171,"column":4},"end":{"line":171,"column":55}},"71":{"start":{"line":175,"column":16},"end":{"line":175,"column":37}},"72":{"start":{"line":176,"column":4},"end":{"line":178,"column":5}},"73":{"start":{"line":177,"column":6},"end":{"line":177,"column":39}},"74":{"start":{"line":179,"column":4},"end":{"line":179,"column":23}},"75":{"start":{"line":180,"column":23},"end":{"line":180,"column":46}},"76":{"start":{"line":181,"column":4},"end":{"line":186,"column":6}},"77":{"start":{"line":190,"column":16},"end":{"line":190,"column":37}},"78":{"start":{"line":191,"column":4},"end":{"line":193,"column":5}},"79":{"start":{"line":192,"column":6},"end":{"line":192,"column":50}},"80":{"start":{"line":194,"column":4},"end":{"line":194,"column":40}},"81":{"start":{"line":198,"column":21},"end":{"line":198,"column":52}},"82":{"start":{"line":199,"column":20},"end":{"line":200,"column":null}},"83":{"start":{"line":200,"column":30},"end":{"line":200,"column":53}},"84":{"start":{"line":202,"column":22},"end":{"line":202,"column":57}},"85":{"start":{"line":202,"column":44},"end":{"line":202,"column":56}},"86":{"start":{"line":203,"column":4},"end":{"line":203,"column":46}},"87":{"start":{"line":207,"column":25},"end":{"line":207,"column":47}},"88":{"start":{"line":209,"column":4},"end":{"line":217,"column":5}},"89":{"start":{"line":210,"column":18},"end":{"line":210,"column":47}},"90":{"start":{"line":211,"column":6},"end":{"line":215,"column":7}},"91":{"start":{"line":212,"column":8},"end":{"line":212,"column":32}},"92":{"start":{"line":214,"column":8},"end":{"line":214,"column":88}},"93":{"start":{"line":216,"column":6},"end":{"line":216,"column":13}},"94":{"start":{"line":219,"column":42},"end":{"line":219,"column":54}},"95":{"start":{"line":221,"column":24},"end":{"line":221,"column":55}},"96":{"start":{"line":222,"column":4},"end":{"line":222,"column":87}},"97":{"start":{"line":222,"column":31},"end":{"line":222,"column":85}},"98":{"start":{"line":223,"column":4},"end":{"line":223,"column":44}},"99":{"start":{"line":225,"column":4},"end":{"line":231,"column":5}},"100":{"start":{"line":226,"column":6},"end":{"line":230,"column":7}},"101":{"start":{"line":227,"column":8},"end":{"line":227,"column":32}},"102":{"start":{"line":229,"column":8},"end":{"line":229,"column":72}},"103":{"start":{"line":236,"column":23},"end":{"line":236,"column":62}},"104":{"start":{"line":237,"column":4},"end":{"line":237,"column":52}},"105":{"start":{"line":241,"column":19},"end":{"line":241,"column":44}},"106":{"start":{"line":242,"column":23},"end":{"line":242,"column":63}},"107":{"start":{"line":242,"column":45},"end":{"line":242,"column":62}},"108":{"start":{"line":243,"column":4},"end":{"line":247,"column":5}},"109":{"start":{"line":244,"column":6},"end":{"line":244,"column":33}},"110":{"start":{"line":246,"column":6},"end":{"line":246,"column":25}},"111":{"start":{"line":248,"column":4},"end":{"line":248,"column":68}},"112":{"start":{"line":249,"column":4},"end":{"line":249,"column":17}},"113":{"start":{"line":253,"column":17},"end":{"line":253,"column":42}},"114":{"start":{"line":254,"column":4},"end":{"line":254,"column":50}},"115":{"start":{"line":254,"column":32},"end":{"line":254,"column":48}},"116":{"start":{"line":255,"column":4},"end":{"line":255,"column":68}},"117":{"start":{"line":260,"column":26},"end":{"line":260,"column":65}},"118":{"start":{"line":261,"column":4},"end":{"line":261,"column":58}},"119":{"start":{"line":265,"column":22},"end":{"line":265,"column":50}},"120":{"start":{"line":266,"column":26},"end":{"line":266,"column":72}},"121":{"start":{"line":266,"column":51},"end":{"line":266,"column":71}},"122":{"start":{"line":267,"column":4},"end":{"line":271,"column":5}},"123":{"start":{"line":268,"column":6},"end":{"line":268,"column":42}},"124":{"start":{"line":270,"column":6},"end":{"line":270,"column":31}},"125":{"start":{"line":272,"column":4},"end":{"line":272,"column":71}},"126":{"start":{"line":273,"column":4},"end":{"line":273,"column":20}},"127":{"start":{"line":277,"column":20},"end":{"line":277,"column":48}},"128":{"start":{"line":278,"column":4},"end":{"line":278,"column":59}},"129":{"start":{"line":278,"column":38},"end":{"line":278,"column":57}},"130":{"start":{"line":279,"column":4},"end":{"line":279,"column":71}},"131":{"start":{"line":284,"column":28},"end":{"line":319,"column":1}},"132":{"start":{"line":285,"column":4},"end":{"line":287,"column":5}},"133":{"start":{"line":286,"column":8},"end":{"line":286,"column":15}},"134":{"start":{"line":289,"column":24},"end":{"line":289,"column":45}},"135":{"start":{"line":290,"column":30},"end":{"line":290,"column":51}},"136":{"start":{"line":292,"column":4},"end":{"line":318,"column":5}},"137":{"start":{"line":293,"column":30},"end":{"line":293,"column":63}},"138":{"start":{"line":294,"column":8},"end":{"line":313,"column":9}},"139":{"start":{"line":295,"column":33},"end":{"line":295,"column":80}},"140":{"start":{"line":296,"column":12},"end":{"line":311,"column":13}},"141":{"start":{"line":296,"column":42},"end":{"line":296,"column":72}},"142":{"start":{"line":297,"column":41},"end":{"line":297,"column":66}},"143":{"start":{"line":298,"column":38},"end":{"line":298,"column":67}},"144":{"start":{"line":299,"column":51},"end":{"line":309,"column":18}},"145":{"start":{"line":307,"column":85},"end":{"line":307,"column":116}},"146":{"start":{"line":310,"column":16},"end":{"line":310,"column":64}},"147":{"start":{"line":312,"column":12},"end":{"line":312,"column":49}},"148":{"start":{"line":315,"column":8},"end":{"line":315,"column":62}},"149":{"start":{"line":317,"column":8},"end":{"line":317,"column":57}},"150":{"start":{"line":322,"column":37},"end":{"line":341,"column":1}},"151":{"start":{"line":323,"column":49},"end":{"line":323,"column":53}},"152":{"start":{"line":325,"column":28},"end":{"line":330,"column":5}},"153":{"start":{"line":326,"column":8},"end":{"line":328,"column":9}},"154":{"start":{"line":327,"column":12},"end":{"line":327,"column":53}},"155":{"start":{"line":329,"column":8},"end":{"line":329,"column":32}},"156":{"start":{"line":332,"column":52},"end":{"line":332,"column":61}},"157":{"start":{"line":333,"column":4},"end":{"line":339,"column":5}},"158":{"start":{"line":334,"column":23},"end":{"line":334,"column":53}},"159":{"start":{"line":335,"column":9},"end":{"line":338,"column":10}},"160":{"start":{"line":336,"column":12},"end":{"line":336,"column":36}},"161":{"start":{"line":337,"column":12},"end":{"line":337,"column":66}},"162":{"start":{"line":340,"column":4},"end":{"line":340,"column":32}},"163":{"start":{"line":343,"column":13},"end":{"line":343,"column":80}}},"fnMap":{"0":{"name":"(anonymous_0)","decl":{"start":{"line":39,"column":2},"end":{"line":39,"column":7}},"loc":{"start":{"line":39,"column":26},"end":{"line":51,"column":3}}},"1":{"name":"(anonymous_1)","decl":{"start":{"line":53,"column":2},"end":{"line":53,"column":7}},"loc":{"start":{"line":53,"column":17},"end":{"line":78,"column":3}}},"2":{"name":"(anonymous_2)","decl":{"start":{"line":66,"column":56},"end":{"line":66,"column":57}},"loc":{"start":{"line":66,"column":94},"end":{"line":66,"column":125}}},"3":{"name":"(anonymous_3)","decl":{"start":{"line":80,"column":2},"end":{"line":80,"column":7}},"loc":{"start":{"line":80,"column":19},"end":{"line":105,"column":3}}},"4":{"name":"(anonymous_4)","decl":{"start":{"line":89,"column":37},"end":{"line":89,"column":38}},"loc":{"start":{"line":89,"column":42},"end":{"line":89,"column":57}}},"5":{"name":"(anonymous_5)","decl":{"start":{"line":107,"column":2},"end":{"line":107,"column":7}},"loc":{"start":{"line":107,"column":42},"end":{"line":165,"column":3}}},"6":{"name":"(anonymous_6)","decl":{"start":{"line":133,"column":28},"end":{"line":133,"column":29}},"loc":{"start":{"line":133,"column":61},"end":{"line":138,"column":5}}},"7":{"name":"(anonymous_7)","decl":{"start":{"line":140,"column":33},"end":{"line":140,"column":34}},"loc":{"start":{"line":140,"column":76},"end":{"line":145,"column":5}}},"8":{"name":"(anonymous_8)","decl":{"start":{"line":147,"column":33},"end":{"line":147,"column":34}},"loc":{"start":{"line":147,"column":61},"end":{"line":152,"column":5}}},"9":{"name":"(anonymous_9)","decl":{"start":{"line":167,"column":2},"end":{"line":167,"column":7}},"loc":{"start":{"line":167,"column":20},"end":{"line":172,"column":3}}},"10":{"name":"(anonymous_10)","decl":{"start":{"line":169,"column":25},"end":{"line":169,"column":26}},"loc":{"start":{"line":169,"column":30},"end":{"line":169,"column":41}}},"11":{"name":"(anonymous_11)","decl":{"start":{"line":174,"column":2},"end":{"line":174,"column":7}},"loc":{"start":{"line":174,"column":29},"end":{"line":187,"column":3}}},"12":{"name":"(anonymous_12)","decl":{"start":{"line":189,"column":2},"end":{"line":189,"column":7}},"loc":{"start":{"line":189,"column":26},"end":{"line":195,"column":3}}},"13":{"name":"(anonymous_13)","decl":{"start":{"line":197,"column":2},"end":{"line":197,"column":7}},"loc":{"start":{"line":197,"column":21},"end":{"line":204,"column":3}}},"14":{"name":"(anonymous_14)","decl":{"start":{"line":200,"column":19},"end":{"line":200,"column":26}},"loc":{"start":{"line":200,"column":30},"end":{"line":200,"column":53}}},"15":{"name":"(anonymous_15)","decl":{"start":{"line":202,"column":37},"end":{"line":202,"column":40}},"loc":{"start":{"line":202,"column":44},"end":{"line":202,"column":56}}},"16":{"name":"(anonymous_16)","decl":{"start":{"line":206,"column":2},"end":{"line":206,"column":7}},"loc":{"start":{"line":206,"column":29},"end":{"line":232,"column":3}}},"17":{"name":"(anonymous_17)","decl":{"start":{"line":222,"column":24},"end":{"line":222,"column":27}},"loc":{"start":{"line":222,"column":31},"end":{"line":222,"column":85}}},"18":{"name":"(anonymous_18)","decl":{"start":{"line":235,"column":2},"end":{"line":235,"column":7}},"loc":{"start":{"line":235,"column":20},"end":{"line":238,"column":3}}},"19":{"name":"(anonymous_19)","decl":{"start":{"line":240,"column":2},"end":{"line":240,"column":7}},"loc":{"start":{"line":240,"column":23},"end":{"line":250,"column":3}}},"20":{"name":"(anonymous_20)","decl":{"start":{"line":242,"column":40},"end":{"line":242,"column":41}},"loc":{"start":{"line":242,"column":45},"end":{"line":242,"column":62}}},"21":{"name":"(anonymous_21)","decl":{"start":{"line":252,"column":2},"end":{"line":252,"column":7}},"loc":{"start":{"line":252,"column":27},"end":{"line":256,"column":3}}},"22":{"name":"(anonymous_22)","decl":{"start":{"line":254,"column":27},"end":{"line":254,"column":28}},"loc":{"start":{"line":254,"column":32},"end":{"line":254,"column":48}}},"23":{"name":"(anonymous_23)","decl":{"start":{"line":259,"column":2},"end":{"line":259,"column":7}},"loc":{"start":{"line":259,"column":23},"end":{"line":262,"column":3}}},"24":{"name":"(anonymous_24)","decl":{"start":{"line":264,"column":2},"end":{"line":264,"column":7}},"loc":{"start":{"line":264,"column":29},"end":{"line":274,"column":3}}},"25":{"name":"(anonymous_25)","decl":{"start":{"line":266,"column":46},"end":{"line":266,"column":47}},"loc":{"start":{"line":266,"column":51},"end":{"line":266,"column":71}}},"26":{"name":"(anonymous_26)","decl":{"start":{"line":276,"column":2},"end":{"line":276,"column":7}},"loc":{"start":{"line":276,"column":33},"end":{"line":280,"column":3}}},"27":{"name":"(anonymous_27)","decl":{"start":{"line":278,"column":33},"end":{"line":278,"column":34}},"loc":{"start":{"line":278,"column":38},"end":{"line":278,"column":57}}},"28":{"name":"(anonymous_28)","decl":{"start":{"line":284,"column":28},"end":{"line":284,"column":33}},"loc":{"start":{"line":284,"column":39},"end":{"line":319,"column":1}}},"29":{"name":"(anonymous_29)","decl":{"start":{"line":296,"column":35},"end":{"line":296,"column":38}},"loc":{"start":{"line":296,"column":42},"end":{"line":296,"column":72}}},"30":{"name":"(anonymous_30)","decl":{"start":{"line":307,"column":72},"end":{"line":307,"column":73}},"loc":{"start":{"line":307,"column":85},"end":{"line":307,"column":116}}},"31":{"name":"(anonymous_31)","decl":{"start":{"line":322,"column":37},"end":{"line":322,"column":59}},"loc":{"start":{"line":322,"column":61},"end":{"line":341,"column":1}}},"32":{"name":"(anonymous_32)","decl":{"start":{"line":325,"column":28},"end":{"line":325,"column":31}},"loc":{"start":{"line":325,"column":33},"end":{"line":330,"column":5}}},"33":{"name":"(anonymous_33)","decl":{"start":{"line":335,"column":48},"end":{"line":335,"column":53}},"loc":{"start":{"line":335,"column":73},"end":{"line":338,"column":9}}}},"branchMap":{"0":{"loc":{"start":{"line":41,"column":4},"end":{"line":43,"column":5}},"type":"if","locations":[{"start":{"line":41,"column":4},"end":{"line":43,"column":5}}]},"1":{"loc":{"start":{"line":46,"column":13},"end":{"line":46,"column":46}},"type":"cond-expr","locations":[{"start":{"line":46,"column":36},"end":{"line":46,"column":41}},{"start":{"line":46,"column":44},"end":{"line":46,"column":46}}]},"2":{"loc":{"start":{"line":55,"column":4},"end":{"line":57,"column":5}},"type":"if","locations":[{"start":{"line":55,"column":4},"end":{"line":57,"column":5}}]},"3":{"loc":{"start":{"line":62,"column":8},"end":{"line":67,"column":9}},"type":"if","locations":[{"start":{"line":62,"column":8},"end":{"line":67,"column":9}}]},"4":{"loc":{"start":{"line":62,"column":12},"end":{"line":62,"column":41}},"type":"binary-expr","locations":[{"start":{"line":62,"column":12},"end":{"line":62,"column":22}},{"start":{"line":62,"column":26},"end":{"line":62,"column":41}}]},"5":{"loc":{"start":{"line":66,"column":30},"end":{"line":66,"column":50}},"type":"binary-expr","locations":[{"start":{"line":66,"column":30},"end":{"line":66,"column":44}},{"start":{"line":66,"column":48},"end":{"line":66,"column":50}}]},"6":{"loc":{"start":{"line":70,"column":8},"end":{"line":72,"column":9}},"type":"if","locations":[{"start":{"line":70,"column":8},"end":{"line":72,"column":9}}]},"7":{"loc":{"start":{"line":70,"column":12},"end":{"line":70,"column":43}},"type":"binary-expr","locations":[{"start":{"line":70,"column":12},"end":{"line":70,"column":22}},{"start":{"line":70,"column":26},"end":{"line":70,"column":43}}]},"8":{"loc":{"start":{"line":97,"column":4},"end":{"line":101,"column":5}},"type":"if","locations":[{"start":{"line":97,"column":4},"end":{"line":101,"column":5}},{"start":{"line":99,"column":11},"end":{"line":101,"column":5}}]},"9":{"loc":{"start":{"line":108,"column":4},"end":{"line":125,"column":5}},"type":"if","locations":[{"start":{"line":108,"column":4},"end":{"line":125,"column":5}}]},"10":{"loc":{"start":{"line":148,"column":8},"end":{"line":150,"column":9}},"type":"if","locations":[{"start":{"line":148,"column":8},"end":{"line":150,"column":9}}]},"11":{"loc":{"start":{"line":149,"column":33},"end":{"line":149,"column":79}},"type":"binary-expr","locations":[{"start":{"line":149,"column":33},"end":{"line":149,"column":71}},{"start":{"line":149,"column":75},"end":{"line":149,"column":79}}]},"12":{"loc":{"start":{"line":176,"column":4},"end":{"line":178,"column":5}},"type":"if","locations":[{"start":{"line":176,"column":4},"end":{"line":178,"column":5}}]},"13":{"loc":{"start":{"line":191,"column":4},"end":{"line":193,"column":5}},"type":"if","locations":[{"start":{"line":191,"column":4},"end":{"line":193,"column":5}}]},"14":{"loc":{"start":{"line":209,"column":4},"end":{"line":217,"column":5}},"type":"if","locations":[{"start":{"line":209,"column":4},"end":{"line":217,"column":5}}]},"15":{"loc":{"start":{"line":211,"column":6},"end":{"line":215,"column":7}},"type":"if","locations":[{"start":{"line":211,"column":6},"end":{"line":215,"column":7}},{"start":{"line":213,"column":13},"end":{"line":215,"column":7}}]},"16":{"loc":{"start":{"line":211,"column":10},"end":{"line":211,"column":61}},"type":"binary-expr","locations":[{"start":{"line":211,"column":10},"end":{"line":211,"column":16}},{"start":{"line":211,"column":20},"end":{"line":211,"column":28}},{"start":{"line":211,"column":32},"end":{"line":211,"column":61}}]},"17":{"loc":{"start":{"line":226,"column":6},"end":{"line":230,"column":7}},"type":"if","locations":[{"start":{"line":226,"column":6},"end":{"line":230,"column":7}},{"start":{"line":228,"column":13},"end":{"line":230,"column":7}}]},"18":{"loc":{"start":{"line":226,"column":10},"end":{"line":226,"column":61}},"type":"binary-expr","locations":[{"start":{"line":226,"column":10},"end":{"line":226,"column":16}},{"start":{"line":226,"column":20},"end":{"line":226,"column":28}},{"start":{"line":226,"column":32},"end":{"line":226,"column":61}}]},"19":{"loc":{"start":{"line":237,"column":11},"end":{"line":237,"column":51}},"type":"cond-expr","locations":[{"start":{"line":237,"column":24},"end":{"line":237,"column":46}},{"start":{"line":237,"column":49},"end":{"line":237,"column":51}}]},"20":{"loc":{"start":{"line":243,"column":4},"end":{"line":247,"column":5}},"type":"if","locations":[{"start":{"line":243,"column":4},"end":{"line":247,"column":5}},{"start":{"line":245,"column":11},"end":{"line":247,"column":5}}]},"21":{"loc":{"start":{"line":261,"column":11},"end":{"line":261,"column":57}},"type":"cond-expr","locations":[{"start":{"line":261,"column":27},"end":{"line":261,"column":52}},{"start":{"line":261,"column":55},"end":{"line":261,"column":57}}]},"22":{"loc":{"start":{"line":267,"column":4},"end":{"line":271,"column":5}},"type":"if","locations":[{"start":{"line":267,"column":4},"end":{"line":271,"column":5}},{"start":{"line":269,"column":11},"end":{"line":271,"column":5}}]},"23":{"loc":{"start":{"line":285,"column":4},"end":{"line":287,"column":5}},"type":"if","locations":[{"start":{"line":285,"column":4},"end":{"line":287,"column":5}}]},"24":{"loc":{"start":{"line":294,"column":8},"end":{"line":313,"column":9}},"type":"if","locations":[{"start":{"line":294,"column":8},"end":{"line":313,"column":9}}]},"25":{"loc":{"start":{"line":296,"column":12},"end":{"line":311,"column":13}},"type":"if","locations":[{"start":{"line":296,"column":12},"end":{"line":311,"column":13}}]},"26":{"loc":{"start":{"line":307,"column":33},"end":{"line":307,"column":66}},"type":"binary-expr","locations":[{"start":{"line":307,"column":33},"end":{"line":307,"column":60}},{"start":{"line":307,"column":64},"end":{"line":307,"column":66}}]},"27":{"loc":{"start":{"line":308,"column":27},"end":{"line":308,"column":102}},"type":"cond-expr","locations":[{"start":{"line":308,"column":60},"end":{"line":308,"column":82}},{"start":{"line":308,"column":85},"end":{"line":308,"column":102}}]},"28":{"loc":{"start":{"line":326,"column":8},"end":{"line":328,"column":9}},"type":"if","locations":[{"start":{"line":326,"column":8},"end":{"line":328,"column":9}}]}},"s":{"0":0,"1":0,"2":0,"3":0,"4":0,"5":0,"6":0,"7":0,"8":0,"9":0,"10":0,"11":0,"12":0,"13":0,"14":0,"15":0,"16":0,"17":0,"18":0,"19":0,"20":0,"21":0,"22":0,"23":0,"24":0,"25":0,"26":0,"27":0,"28":0,"29":0,"30":0,"31":0,"32":0,"33":0,"34":0,"35":0,"36":0,"37":0,"38":0,"39":0,"40":0,"41":0,"42":0,"43":0,"44":0,"45":0,"46":0,"47":0,"48":0,"49":0,"50":0,"51":0,"52":0,"53":0,"54":0,"55":0,"56":0,"57":0,"58":0,"59":0,"60":0,"61":0,"62":0,"63":0,"64":0,"65":0,"66":0,"67":0,"68":0,"69":0,"70":0,"71":0,"72":0,"73":0,"74":0,"75":0,"76":0,"77":0,"78":0,"79":0,"80":0,"81":0,"82":0,"83":0,"84":0,"85":0,"86":0,"87":0,"88":0,"89":0,"90":0,"91":0,"92":0,"93":0,"94":0,"95":0,"96":0,"97":0,"98":0,"99":0,"100":0,"101":0,"102":0,"103":0,"104":0,"105":0,"106":0,"107":0,"108":0,"109":0,"110":0,"111":0,"112":0,"113":0,"114":0,"115":0,"116":0,"117":0,"118":0,"119":0,"120":0,"121":0,"122":0,"123":0,"124":0,"125":0,"126":0,"127":0,"128":0,"129":0,"130":0,"131":0,"132":0,"133":0,"134":0,"135":0,"136":0,"137":0,"138":0,"139":0,"140":0,"141":0,"142":0,"143":0,"144":0,"145":0,"146":0,"147":0,"148":0,"149":0,"150":0,"151":0,"152":0,"153":0,"154":0,"155":0,"156":0,"157":0,"158":0,"159":0,"160":0,"161":0,"162":0,"163":0},"f":{"0":0,"1":0,"2":0,"3":0,"4":0,"5":0,"6":0,"7":0,"8":0,"9":0,"10":0,"11":0,"12":0,"13":0,"14":0,"15":0,"16":0,"17":0,"18":0,"19":0,"20":0,"21":0,"22":0,"23":0,"24":0,"25":0,"26":0,"27":0,"28":0,"29":0,"30":0,"31":0,"32":0,"33":0},"b":{"0":[0],"1":[0,0],"2":[0],"3":[0],"4":[0,0],"5":[0,0],"6":[0],"7":[0,0],"8":[0,0],"9":[0],"10":[0],"11":[0,0],"12":[0],"13":[0],"14":[0],"15":[0,0],"16":[0,0,0],"17":[0,0],"18":[0,0,0],"19":[0,0],"20":[0,0],"21":[0,0],"22":[0,0],"23":[0],"24":[0],"25":[0],"26":[0,0],"27":[0,0],"28":[0]}}
,"/Users/ravindraadireddy/AiApps/src/components/AIPromptBar.tsx": {"path":"/Users/ravindraadireddy/AiApps/src/components/AIPromptBar.tsx","statementMap":{"0":{"start":{"line":1,"column":0},"end":{"line":1,"column":45}}},"fnMap":{},"branchMap":{},"s":{"0":0},"f":{},"b":{}}
,"/Users/ravindraadireddy/AiApps/src/components/Canvas.tsx": {"path":"/Users/ravindraadireddy/AiApps/src/components/Canvas.tsx","statementMap":{"0":{"start":{"line":1,"column":0},"end":{"line":1,"column":40}}},"fnMap":{},"branchMap":{},"s":{"0":0},"f":{},"b":{}}
,"/Users/ravindraadireddy/AiApps/src/components/ComponentPalette.tsx": {"path":"/Users/ravindraadireddy/AiApps/src/components/ComponentPalette.tsx","statementMap":{"0":{"start":{"line":1,"column":0},"end":{"line":1,"column":26}},"1":{"start":{"line":3,"column":0},"end":{"line":3,"column":77}},"2":{"start":{"line":11,"column":68},"end":{"line":30,"column":1}},"3":{"start":{"line":12,"column":22},"end":{"line":15,"column":3}},"4":{"start":{"line":13,"column":4},"end":{"line":13,"column":78}},"5":{"start":{"line":14,"column":4},"end":{"line":14,"column":46}},"6":{"start":{"line":17,"column":2},"end":{"line":29,"column":4}},"7":{"start":{"line":32,"column":65},"end":{"line":74,"column":1}},"8":{"start":{"line":33,"column":2},"end":{"line":48,"column":3}},"9":{"start":{"line":34,"column":4},"end":{"line":47,"column":6}},"10":{"start":{"line":50,"column":2},"end":{"line":73,"column":4}},"11":{"start":{"line":68,"column":12},"end":{"line":68,"column":43}},"12":{"start":{"line":32,"column":13},"end":{"line":32,"column":65}}},"fnMap":{"0":{"name":"(anonymous_1)","decl":{"start":{"line":11,"column":68},"end":{"line":11,"column":69}},"loc":{"start":{"line":11,"column":92},"end":{"line":30,"column":1}}},"1":{"name":"(anonymous_2)","decl":{"start":{"line":12,"column":22},"end":{"line":12,"column":23}},"loc":{"start":{"line":12,"column":49},"end":{"line":15,"column":3}}},"2":{"name":"(anonymous_3)","decl":{"start":{"line":32,"column":65},"end":{"line":32,"column":66}},"loc":{"start":{"line":32,"column":110},"end":{"line":74,"column":1}}},"3":{"name":"(anonymous_4)","decl":{"start":{"line":67,"column":48},"end":{"line":67,"column":54}},"loc":{"start":{"line":68,"column":12},"end":{"line":68,"column":43}}}},"branchMap":{"0":{"loc":{"start":{"line":33,"column":2},"end":{"line":48,"column":3}},"type":"if","locations":[{"start":{"line":33,"column":2},"end":{"line":48,"column":3}}]}},"s":{"0":0,"1":0,"2":0,"3":0,"4":0,"5":0,"6":0,"7":0,"8":0,"9":0,"10":0,"11":0,"12":0},"f":{"0":0,"1":0,"2":0,"3":0},"b":{"0":[0]}}
,"/Users/ravindraadireddy/AiApps/src/components/DataPanel.tsx": {"path":"/Users/ravindraadireddy/AiApps/src/components/DataPanel.tsx","statementMap":{"0":{"start":{"line":1,"column":0},"end":{"line":1,"column":43}}},"fnMap":{},"branchMap":{},"s":{"0":0},"f":{},"b":{}}
,"/Users/ravindraadireddy/AiApps/src/components/ExpressionEditorModal.tsx": {"path":"/Users/ravindraadireddy/AiApps/src/components/ExpressionEditorModal.tsx","statementMap":{"0":{"start":{"line":1,"column":0},"end":{"line":1,"column":55}}},"fnMap":{},"branchMap":{},"s":{"0":0},"f":{},"b":{}}
,"/Users/ravindraadireddy/AiApps/src/components/Preview.tsx": {"path":"/Users/ravindraadireddy/AiApps/src/components/Preview.tsx","statementMap":{"0":{"start":{"line":1,"column":0},"end":{"line":1,"column":41}}},"fnMap":{},"branchMap":{},"s":{"0":0},"f":{},"b":{}}
,"/Users/ravindraadireddy/AiApps/src/components/PropertiesPanel.tsx": {"path":"/Users/ravindraadireddy/AiApps/src/components/PropertiesPanel.tsx","statementMap":{"0":{"start":{"line":1,"column":0},"end":{"line":1,"column":49}}},"fnMap":{},"branchMap":{},"s":{"0":0},"f":{},"b":{}}
,"/Users/ravindraadireddy/AiApps/src/components/RenderedComponent.tsx": {"path":"/Users/ravindraadireddy/AiApps/src/components/RenderedComponent.tsx","statementMap":{"0":{"start":{"line":1,"column":0},"end":{"line":1,"column":51}}},"fnMap":{},"branchMap":{},"s":{"0":0},"f":{},"b":{}}
,"/Users/ravindraadireddy/AiApps/src/components/SaveAsTemplateModal.tsx": {"path":"/Users/ravindraadireddy/AiApps/src/components/SaveAsTemplateModal.tsx","statementMap":{"0":{"start":{"line":1,"column":0},"end":{"line":1,"column":53}}},"fnMap":{},"branchMap":{},"s":{"0":0},"f":{},"b":{}}
,"/Users/ravindraadireddy/AiApps/src/components/StatePanel.tsx": {"path":"/Users/ravindraadireddy/AiApps/src/components/StatePanel.tsx","statementMap":{"0":{"start":{"line":1,"column":0},"end":{"line":1,"column":44}}},"fnMap":{},"branchMap":{},"s":{"0":0},"f":{},"b":{}}
,"/Users/ravindraadireddy/AiApps/src/components/TemplateSelectionModal.tsx": {"path":"/Users/ravindraadireddy/AiApps/src/components/TemplateSelectionModal.tsx","statementMap":{"0":{"start":{"line":1,"column":0},"end":{"line":1,"column":56}}},"fnMap":{},"branchMap":{},"s":{"0":0},"f":{},"b":{}}
,"/Users/ravindraadireddy/AiApps/src/components/TreeView.tsx": {"path":"/Users/ravindraadireddy/AiApps/src/components/TreeView.tsx","statementMap":{"0":{"start":{"line":1,"column":0},"end":{"line":1,"column":42}}},"fnMap":{},"branchMap":{},"s":{"0":0},"f":{},"b":{}}
,"/Users/ravindraadireddy/AiApps/src/components/TreeViewIcons.tsx": {"path":"/Users/ravindraadireddy/AiApps/src/components/TreeViewIcons.tsx","statementMap":{"0":{"start":{"line":1,"column":0},"end":{"line":1,"column":47}}},"fnMap":{},"branchMap":{},"s":{"0":0},"f":{},"b":{}}
,"/Users/ravindraadireddy/AiApps/src/components/component-registry/Button.tsx": {"path":"/Users/ravindraadireddy/AiApps/src/components/component-registry/Button.tsx","statementMap":{"0":{"start":{"line":1,"column":0},"end":{"line":1,"column":62}}},"fnMap":{},"branchMap":{},"s":{"0":0},"f":{},"b":{}}
,"/Users/ravindraadireddy/AiApps/src/components/component-registry/Checkbox.tsx": {"path":"/Users/ravindraadireddy/AiApps/src/components/component-registry/Checkbox.tsx","statementMap":{"0":{"start":{"line":1,"column":0},"end":{"line":1,"column":64}}},"fnMap":{},"branchMap":{},"s":{"0":0},"f":{},"b":{}}
,"/Users/ravindraadireddy/AiApps/src/components/component-registry/Divider.tsx": {"path":"/Users/ravindraadireddy/AiApps/src/components/component-registry/Divider.tsx","statementMap":{"0":{"start":{"line":1,"column":0},"end":{"line":1,"column":63}}},"fnMap":{},"branchMap":{},"s":{"0":0},"f":{},"b":{}}
,"/Users/ravindraadireddy/AiApps/src/components/component-registry/Form.tsx": {"path":"/Users/ravindraadireddy/AiApps/src/components/component-registry/Form.tsx","statementMap":{"0":{"start":{"line":1,"column":0},"end":{"line":1,"column":60}}},"fnMap":{},"branchMap":{},"s":{"0":0},"f":{},"b":{}}
,"/Users/ravindraadireddy/AiApps/src/components/component-registry/HStack.tsx": {"path":"/Users/ravindraadireddy/AiApps/src/components/component-registry/HStack.tsx","statementMap":{"0":{"start":{"line":1,"column":0},"end":{"line":1,"column":62}}},"fnMap":{},"branchMap":{},"s":{"0":0},"f":{},"b":{}}
,"/Users/ravindraadireddy/AiApps/src/components/component-registry/Image.tsx": {"path":"/Users/ravindraadireddy/AiApps/src/components/component-registry/Image.tsx","statementMap":{"0":{"start":{"line":1,"column":0},"end":{"line":1,"column":61}}},"fnMap":{},"branchMap":{},"s":{"0":0},"f":{},"b":{}}
,"/Users/ravindraadireddy/AiApps/src/components/component-registry/Input.tsx": {"path":"/Users/ravindraadireddy/AiApps/src/components/component-registry/Input.tsx","statementMap":{"0":{"start":{"line":1,"column":0},"end":{"line":1,"column":61}}},"fnMap":{},"branchMap":{},"s":{"0":0},"f":{},"b":{}}
,"/Users/ravindraadireddy/AiApps/src/components/component-registry/Label.tsx": {"path":"/Users/ravindraadireddy/AiApps/src/components/component-registry/Label.tsx","statementMap":{"0":{"start":{"line":1,"column":0},"end":{"line":1,"column":61}}},"fnMap":{},"branchMap":{},"s":{"0":0},"f":{},"b":{}}
,"/Users/ravindraadireddy/AiApps/src/components/component-registry/Modal.tsx": {"path":"/Users/ravindraadireddy/AiApps/src/components/component-registry/Modal.tsx","statementMap":{"0":{"start":{"line":1,"column":0},"end":{"line":1,"column":61}}},"fnMap":{},"branchMap":{},"s":{"0":0},"f":{},"b":{}}
,"/Users/ravindraadireddy/AiApps/src/components/component-registry/Panel.tsx": {"path":"/Users/ravindraadireddy/AiApps/src/components/component-registry/Panel.tsx","statementMap":{"0":{"start":{"line":1,"column":0},"end":{"line":1,"column":61}}},"fnMap":{},"branchMap":{},"s":{"0":0},"f":{},"b":{}}
,"/Users/ravindraadireddy/AiApps/src/components/component-registry/RadioGroup.tsx": {"path":"/Users/ravindraadireddy/AiApps/src/components/component-registry/RadioGroup.tsx","statementMap":{"0":{"start":{"line":1,"column":0},"end":{"line":1,"column":66}}},"fnMap":{},"branchMap":{},"s":{"0":0},"f":{},"b":{}}
,"/Users/ravindraadireddy/AiApps/src/components/component-registry/Select.tsx": {"path":"/Users/ravindraadireddy/AiApps/src/components/component-registry/Select.tsx","statementMap":{"0":{"start":{"line":1,"column":0},"end":{"line":1,"column":62}}},"fnMap":{},"branchMap":{},"s":{"0":0},"f":{},"b":{}}
,"/Users/ravindraadireddy/AiApps/src/components/component-registry/Switch.tsx": {"path":"/Users/ravindraadireddy/AiApps/src/components/component-registry/Switch.tsx","statementMap":{"0":{"start":{"line":1,"column":0},"end":{"line":1,"column":62}}},"fnMap":{},"branchMap":{},"s":{"0":0},"f":{},"b":{}}
,"/Users/ravindraadireddy/AiApps/src/components/component-registry/Table.tsx": {"path":"/Users/ravindraadireddy/AiApps/src/components/component-registry/Table.tsx","statementMap":{"0":{"start":{"line":1,"column":0},"end":{"line":1,"column":61}}},"fnMap":{},"branchMap":{},"s":{"0":0},"f":{},"b":{}}
,"/Users/ravindraadireddy/AiApps/src/components/component-registry/Textarea.tsx": {"path":"/Users/ravindraadireddy/AiApps/src/components/component-registry/Textarea.tsx","statementMap":{"0":{"start":{"line":1,"column":0},"end":{"line":1,"column":64}}},"fnMap":{},"branchMap":{},"s":{"0":0},"f":{},"b":{}}
,"/Users/ravindraadireddy/AiApps/src/components/component-registry/VStack.tsx": {"path":"/Users/ravindraadireddy/AiApps/src/components/component-registry/VStack.tsx","statementMap":{"0":{"start":{"line":1,"column":0},"end":{"line":1,"column":62}}},"fnMap":{},"branchMap":{},"s":{"0":0},"f":{},"b":{}}
,"/Users/ravindraadireddy/AiApps/src/components/component-registry/registry.ts": {"path":"/Users/ravindraadireddy/AiApps/src/components/component-registry/registry.ts","statementMap":{"0":{"start":{"line":1,"column":0},"end":{"line":1,"column":64}}},"fnMap":{},"branchMap":{},"s":{"0":0},"f":{},"b":{}}
,"/Users/ravindraadireddy/AiApps/src/data-sources/LocalStorageProvider.ts": {"path":"/Users/ravindraadireddy/AiApps/src/data-sources/LocalStorageProvider.ts","statementMap":{"0":{"start":{"line":1,"column":0},"end":{"line":1,"column":56}}},"fnMap":{},"branchMap":{},"s":{"0":0},"f":{},"b":{}}
,"/Users/ravindraadireddy/AiApps/src/data-sources/MockDbProvider.ts": {"path":"/Users/ravindraadireddy/AiApps/src/data-sources/MockDbProvider.ts","statementMap":{"0":{"start":{"line":1,"column":0},"end":{"line":1,"column":50}}},"fnMap":{},"branchMap":{},"s":{"0":0},"f":{},"b":{}}
,"/Users/ravindraadireddy/AiApps/src/data-sources/provider.ts": {"path":"/Users/ravindraadireddy/AiApps/src/data-sources/provider.ts","statementMap":{"0":{"start":{"line":1,"column":0},"end":{"line":1,"column":44}}},"fnMap":{},"branchMap":{},"s":{"0":0},"f":{},"b":{}}
,"/Users/ravindraadireddy/AiApps/src/data-sources/registry.ts": {"path":"/Users/ravindraadireddy/AiApps/src/data-sources/registry.ts","statementMap":{"0":{"start":{"line":1,"column":0},"end":{"line":1,"column":44}}},"fnMap":{},"branchMap":{},"s":{"0":0},"f":{},"b":{}}
,"/Users/ravindraadireddy/AiApps/src/expressions/engine.ts": {"path":"/Users/ravindraadireddy/AiApps/src/expressions/engine.ts","statementMap":{"0":{"start":{"line":17,"column":0},"end":{"line":17,"column":16}},"1":{"start":{"line":54,"column":0},"end":{"line":54,"column":16}},"2":{"start":{"line":18,"column":28},"end":{"line":18,"column":45}},"3":{"start":{"line":19,"column":2},"end":{"line":21,"column":3}},"4":{"start":{"line":20,"column":4},"end":{"line":20,"column":21}},"5":{"start":{"line":23,"column":27},"end":{"line":23,"column":96}},"6":{"start":{"line":24,"column":2},"end":{"line":26,"column":3}},"7":{"start":{"line":25,"column":4},"end":{"line":25,"column":62}},"8":{"start":{"line":28,"column":28},"end":{"line":28,"column":55}},"9":{"start":{"line":29,"column":2},"end":{"line":31,"column":3}},"10":{"start":{"line":30,"column":4},"end":{"line":30,"column":64}},"11":{"start":{"line":33,"column":19},"end":{"line":33,"column":64}},"12":{"start":{"line":35,"column":2},"end":{"line":51,"column":3}},"13":{"start":{"line":36,"column":17},"end":{"line":36,"column":48}},"14":{"start":{"line":37,"column":4},"end":{"line":37,"column":23}},"15":{"start":{"line":39,"column":4},"end":{"line":45,"column":5}},"16":{"start":{"line":40,"column":35},"end":{"line":40,"column":75}},"17":{"start":{"line":41,"column":26},"end":{"line":41,"column":103}},"18":{"start":{"line":42,"column":8},"end":{"line":44,"column":9}},"19":{"start":{"line":43,"column":12},"end":{"line":43,"column":37}},"20":{"start":{"line":46,"column":28},"end":{"line":46,"column":66}},"21":{"start":{"line":47,"column":4},"end":{"line":49,"column":5}},"22":{"start":{"line":48,"column":8},"end":{"line":48,"column":25}},"23":{"start":{"line":50,"column":4},"end":{"line":50,"column":21}},"24":{"start":{"line":55,"column":23},"end":{"line":55,"column":40}},"25":{"start":{"line":56,"column":16},"end":{"line":56,"column":110}},"26":{"start":{"line":57,"column":18},"end":{"line":57,"column":41}},"27":{"start":{"line":58,"column":2},"end":{"line":64,"column":3}},"28":{"start":{"line":59,"column":4},"end":{"line":63,"column":7}},"29":{"start":{"line":60,"column":6},"end":{"line":62,"column":7}},"30":{"start":{"line":61,"column":8},"end":{"line":61,"column":46}},"31":{"start":{"line":65,"column":2},"end":{"line":65,"column":34}}},"fnMap":{"0":{"name":"safeEval","decl":{"start":{"line":17,"column":16},"end":{"line":17,"column":24}},"loc":{"start":{"line":17,"column":71},"end":{"line":52,"column":1}}},"1":{"name":"parseDependencies","decl":{"start":{"line":54,"column":16},"end":{"line":54,"column":33}},"loc":{"start":{"line":54,"column":52},"end":{"line":66,"column":1}}},"2":{"name":"(anonymous_2)","decl":{"start":{"line":59,"column":20},"end":{"line":59,"column":25}},"loc":{"start":{"line":59,"column":28},"end":{"line":63,"column":5}}}},"branchMap":{"0":{"loc":{"start":{"line":19,"column":2},"end":{"line":21,"column":3}},"type":"if","locations":[{"start":{"line":19,"column":2},"end":{"line":21,"column":3}}]},"1":{"loc":{"start":{"line":24,"column":2},"end":{"line":26,"column":3}},"type":"if","locations":[{"start":{"line":24,"column":2},"end":{"line":26,"column":3}}]},"2":{"loc":{"start":{"line":29,"column":2},"end":{"line":31,"column":3}},"type":"if","locations":[{"start":{"line":29,"column":2},"end":{"line":31,"column":3}}]},"3":{"loc":{"start":{"line":39,"column":4},"end":{"line":45,"column":5}},"type":"if","locations":[{"start":{"line":39,"column":4},"end":{"line":45,"column":5}}]},"4":{"loc":{"start":{"line":42,"column":8},"end":{"line":44,"column":9}},"type":"if","locations":[{"start":{"line":42,"column":8},"end":{"line":44,"column":9}}]},"5":{"loc":{"start":{"line":42,"column":12},"end":{"line":42,"column":44}},"type":"binary-expr","locations":[{"start":{"line":42,"column":12},"end":{"line":42,"column":30}},{"start":{"line":42,"column":34},"end":{"line":42,"column":44}}]},"6":{"loc":{"start":{"line":47,"column":4},"end":{"line":49,"column":5}},"type":"if","locations":[{"start":{"line":47,"column":4},"end":{"line":49,"column":5}}]},"7":{"loc":{"start":{"line":47,"column":8},"end":{"line":47,"column":55}},"type":"binary-expr","locations":[{"start":{"line":47,"column":8},"end":{"line":47,"column":36}},{"start":{"line":47,"column":40},"end":{"line":47,"column":55}}]},"8":{"loc":{"start":{"line":58,"column":2},"end":{"line":64,"column":3}},"type":"if","locations":[{"start":{"line":58,"column":2},"end":{"line":64,"column":3}}]},"9":{"loc":{"start":{"line":60,"column":6},"end":{"line":62,"column":7}},"type":"if","locations":[{"start":{"line":60,"column":6},"end":{"line":62,"column":7}}]}},"s":{"0":0,"1":0,"2":0,"3":0,"4":0,"5":0,"6":0,"7":0,"8":0,"9":0,"10":0,"11":0,"12":0,"13":0,"14":0,"15":0,"16":0,"17":0,"18":0,"19":0,"20":0,"21":0,"22":0,"23":0,"24":0,"25":0,"26":0,"27":0,"28":0,"29":0,"30":0,"31":0},"f":{"0":0,"1":0,"2":0},"b":{"0":[0],"1":[0],"2":[0],"3":[0],"4":[0],"5":[0,0],"6":[0],"7":[0,0],"8":[0],"9":[0]}}
,"/Users/ravindraadireddy/AiApps/src/hooks/useAppData.ts": {"path":"/Users/ravindraadireddy/AiApps/src/hooks/useAppData.ts","statementMap":{"0":{"start":{"line":1,"column":0},"end":{"line":1,"column":81}},"1":{"start":{"line":2,"column":0},"end":{"line":2,"column":173}},"2":{"start":{"line":3,"column":0},"end":{"line":3,"column":77}},"3":{"start":{"line":4,"column":0},"end":{"line":4,"column":61}},"4":{"start":{"line":5,"column":0},"end":{"line":5,"column":48}},"5":{"start":{"line":7,"column":26},"end":{"line":21,"column":1}},"6":{"start":{"line":8,"column":2},"end":{"line":20,"column":3}},"7":{"start":{"line":9,"column":4},"end":{"line":16,"column":5}},"8":{"start":{"line":10,"column":21},"end":{"line":10,"column":42}},"9":{"start":{"line":11,"column":21},"end":{"line":11,"column":42}},"10":{"start":{"line":12,"column":22},"end":{"line":12,"column":64}},"11":{"start":{"line":14,"column":20},"end":{"line":14,"column":45}},"12":{"start":{"line":15,"column":15},"end":{"line":15,"column":28}},"13":{"start":{"line":18,"column":4},"end":{"line":18,"column":60}},"14":{"start":{"line":19,"column":4},"end":{"line":19,"column":65}},"15":{"start":{"line":38,"column":26},"end":{"line":652,"column":1}},"16":{"start":{"line":39,"column":49},"end":{"line":39,"column":94}},"17":{"start":{"line":40,"column":58},"end":{"line":40,"column":80}},"18":{"start":{"line":41,"column":44},"end":{"line":41,"column":93}},"19":{"start":{"line":43,"column":88},"end":{"line":43,"column":101}},"20":{"start":{"line":46,"column":54},"end":{"line":46,"column":89}},"21":{"start":{"line":48,"column":44},"end":{"line":48,"column":77}},"22":{"start":{"line":55,"column":28},"end":{"line":63,"column":21}},"23":{"start":{"line":56,"column":19},"end":{"line":56,"column":77}},"24":{"start":{"line":56,"column":56},"end":{"line":56,"column":76}},"25":{"start":{"line":57,"column":2},"end":{"line":57,"column":24}},"26":{"start":{"line":57,"column":17},"end":{"line":57,"column":24}},"27":{"start":{"line":58,"column":19},"end":{"line":58,"column":58}},"28":{"start":{"line":59,"column":2},"end":{"line":59,"column":24}},"29":{"start":{"line":59,"column":17},"end":{"line":59,"column":24}},"30":{"start":{"line":61,"column":18},"end":{"line":61,"column":53}},"31":{"start":{"line":62,"column":2},"end":{"line":62,"column":71}},"32":{"start":{"line":62,"column":33},"end":{"line":62,"column":68}},"33":{"start":{"line":66,"column":2},"end":{"line":70,"column":53}},"34":{"start":{"line":67,"column":2},"end":{"line":69,"column":5}},"35":{"start":{"line":68,"column":4},"end":{"line":68,"column":35}},"36":{"start":{"line":73,"column":2},"end":{"line":79,"column":32}},"37":{"start":{"line":74,"column":45},"end":{"line":74,"column":47}},"38":{"start":{"line":75,"column":4},"end":{"line":77,"column":7}},"39":{"start":{"line":76,"column":6},"end":{"line":76,"column":70}},"40":{"start":{"line":78,"column":4},"end":{"line":78,"column":34}},"41":{"start":{"line":82,"column":26},"end":{"line":82,"column":53}},"42":{"start":{"line":83,"column":2},"end":{"line":96,"column":30}},"43":{"start":{"line":84,"column":2},"end":{"line":86,"column":3}},"44":{"start":{"line":85,"column":4},"end":{"line":85,"column":42}},"45":{"start":{"line":87,"column":2},"end":{"line":89,"column":11}},"46":{"start":{"line":88,"column":4},"end":{"line":88,"column":26}},"47":{"start":{"line":91,"column":2},"end":{"line":95,"column":4}},"48":{"start":{"line":92,"column":4},"end":{"line":94,"column":5}},"49":{"start":{"line":93,"column":6},"end":{"line":93,"column":44}},"50":{"start":{"line":99,"column":27},"end":{"line":103,"column":8}},"51":{"start":{"line":100,"column":2},"end":{"line":100,"column":36}},"52":{"start":{"line":101,"column":2},"end":{"line":101,"column":30}},"53":{"start":{"line":102,"column":2},"end":{"line":102,"column":42}},"54":{"start":{"line":108,"column":2},"end":{"line":112,"column":29}},"55":{"start":{"line":109,"column":4},"end":{"line":109,"column":48}},"56":{"start":{"line":110,"column":4},"end":{"line":110,"column":32}},"57":{"start":{"line":111,"column":4},"end":{"line":111,"column":54}},"58":{"start":{"line":114,"column":24},"end":{"line":119,"column":8}},"59":{"start":{"line":115,"column":2},"end":{"line":118,"column":6}},"60":{"start":{"line":115,"column":33},"end":{"line":118,"column":4}},"61":{"start":{"line":121,"column":22},"end":{"line":130,"column":31}},"62":{"start":{"line":122,"column":2},"end":{"line":125,"column":3}},"63":{"start":{"line":122,"column":40},"end":{"line":122,"column":64}},"64":{"start":{"line":123,"column":4},"end":{"line":123,"column":55}},"65":{"start":{"line":124,"column":4},"end":{"line":124,"column":11}},"66":{"start":{"line":126,"column":2},"end":{"line":129,"column":6}},"67":{"start":{"line":126,"column":33},"end":{"line":129,"column":4}},"68":{"start":{"line":132,"column":22},"end":{"line":138,"column":8}},"69":{"start":{"line":133,"column":2},"end":{"line":137,"column":5}},"70":{"start":{"line":134,"column":21},"end":{"line":134,"column":59}},"71":{"start":{"line":135,"column":5},"end":{"line":135,"column":46}},"72":{"start":{"line":136,"column":4},"end":{"line":136,"column":40}},"73":{"start":{"line":140,"column":21},"end":{"line":145,"column":8}},"74":{"start":{"line":141,"column":4},"end":{"line":144,"column":8}},"75":{"start":{"line":141,"column":35},"end":{"line":144,"column":6}},"76":{"start":{"line":151,"column":23},"end":{"line":181,"column":17}},"77":{"start":{"line":152,"column":26},"end":{"line":152,"column":49}},"78":{"start":{"line":153,"column":2},"end":{"line":153,"column":31}},"79":{"start":{"line":153,"column":24},"end":{"line":153,"column":31}},"80":{"start":{"line":155,"column":37},"end":{"line":164,"column":4}},"81":{"start":{"line":166,"column":21},"end":{"line":166,"column":37}},"82":{"start":{"line":167,"column":16},"end":{"line":167,"column":41}},"83":{"start":{"line":168,"column":2},"end":{"line":174,"column":3}},"84":{"start":{"line":169,"column":28},"end":{"line":169,"column":30}},"85":{"start":{"line":170,"column":4},"end":{"line":172,"column":5}},"86":{"start":{"line":171,"column":6},"end":{"line":171,"column":27}},"87":{"start":{"line":173,"column":5},"end":{"line":173,"column":72}},"88":{"start":{"line":176,"column":2},"end":{"line":180,"column":6}},"89":{"start":{"line":176,"column":33},"end":{"line":180,"column":4}},"90":{"start":{"line":183,"column":26},"end":{"line":190,"column":8}},"91":{"start":{"line":184,"column":2},"end":{"line":189,"column":6}},"92":{"start":{"line":184,"column":33},"end":{"line":189,"column":4}},"93":{"start":{"line":187,"column":6},"end":{"line":187,"column":68}},"94":{"start":{"line":192,"column":27},"end":{"line":205,"column":8}},"95":{"start":{"line":193,"column":2},"end":{"line":204,"column":5}},"96":{"start":{"line":194,"column":23},"end":{"line":194,"column":65}},"97":{"start":{"line":194,"column":48},"end":{"line":194,"column":63}},"98":{"start":{"line":195,"column":4},"end":{"line":203,"column":6}},"99":{"start":{"line":198,"column":8},"end":{"line":200,"column":9}},"100":{"start":{"line":199,"column":10},"end":{"line":199,"column":74}},"101":{"start":{"line":201,"column":8},"end":{"line":201,"column":17}},"102":{"start":{"line":208,"column":26},"end":{"line":222,"column":8}},"103":{"start":{"line":209,"column":2},"end":{"line":221,"column":3}},"104":{"start":{"line":210,"column":4},"end":{"line":218,"column":7}},"105":{"start":{"line":211,"column":21},"end":{"line":211,"column":37}},"106":{"start":{"line":212,"column":6},"end":{"line":216,"column":7}},"107":{"start":{"line":213,"column":8},"end":{"line":213,"column":26}},"108":{"start":{"line":215,"column":8},"end":{"line":215,"column":23}},"109":{"start":{"line":217,"column":6},"end":{"line":217,"column":32}},"110":{"start":{"line":220,"column":4},"end":{"line":220,"column":34}},"111":{"start":{"line":224,"column":32},"end":{"line":226,"column":8}},"112":{"start":{"line":225,"column":2},"end":{"line":225,"column":30}},"113":{"start":{"line":228,"column":26},"end":{"line":247,"column":8}},"114":{"start":{"line":229,"column":2},"end":{"line":245,"column":5}},"115":{"start":{"line":230,"column":24},"end":{"line":230,"column":45}},"116":{"start":{"line":231,"column":25},"end":{"line":238,"column":5}},"117":{"start":{"line":232,"column":6},"end":{"line":237,"column":9}},"118":{"start":{"line":233,"column":8},"end":{"line":236,"column":9}},"119":{"start":{"line":234,"column":10},"end":{"line":234,"column":32}},"120":{"start":{"line":235,"column":10},"end":{"line":235,"column":29}},"121":{"start":{"line":239,"column":4},"end":{"line":239,"column":21}},"122":{"start":{"line":241,"column":4},"end":{"line":244,"column":null}},"123":{"start":{"line":243,"column":46},"end":{"line":243,"column":68}},"124":{"start":{"line":246,"column":2},"end":{"line":246,"column":80}},"125":{"start":{"line":246,"column":34},"end":{"line":246,"column":78}},"126":{"start":{"line":246,"column":60},"end":{"line":246,"column":77}},"127":{"start":{"line":249,"column":35},"end":{"line":271,"column":28}},"128":{"start":{"line":250,"column":2},"end":{"line":250,"column":48}},"129":{"start":{"line":250,"column":41},"end":{"line":250,"column":48}},"130":{"start":{"line":251,"column":2},"end":{"line":269,"column":5}},"131":{"start":{"line":252,"column":27},"end":{"line":252,"column":44}},"132":{"start":{"line":253,"column":25},"end":{"line":260,"column":5}},"133":{"start":{"line":254,"column":6},"end":{"line":259,"column":9}},"134":{"start":{"line":255,"column":8},"end":{"line":258,"column":9}},"135":{"start":{"line":256,"column":10},"end":{"line":256,"column":35}},"136":{"start":{"line":257,"column":10},"end":{"line":257,"column":29}},"137":{"start":{"line":261,"column":4},"end":{"line":264,"column":7}},"138":{"start":{"line":262,"column":6},"end":{"line":262,"column":29}},"139":{"start":{"line":263,"column":6},"end":{"line":263,"column":23}},"140":{"start":{"line":265,"column":4},"end":{"line":268,"column":null}},"141":{"start":{"line":267,"column":46},"end":{"line":267,"column":71}},"142":{"start":{"line":270,"column":2},"end":{"line":270,"column":30}},"143":{"start":{"line":273,"column":26},"end":{"line":278,"column":8}},"144":{"start":{"line":274,"column":2},"end":{"line":277,"column":8}},"145":{"start":{"line":274,"column":33},"end":{"line":277,"column":6}},"146":{"start":{"line":287,"column":28},"end":{"line":379,"column":29}},"147":{"start":{"line":289,"column":30},"end":{"line":307,"column":3}},"148":{"start":{"line":290,"column":22},"end":{"line":290,"column":59}},"149":{"start":{"line":290,"column":46},"end":{"line":290,"column":58}},"150":{"start":{"line":291,"column":4},"end":{"line":291,"column":42}},"151":{"start":{"line":291,"column":20},"end":{"line":291,"column":42}},"152":{"start":{"line":293,"column":15},"end":{"line":293,"column":32}},"153":{"start":{"line":294,"column":15},"end":{"line":294,"column":32}},"154":{"start":{"line":295,"column":26},"end":{"line":295,"column":44}},"155":{"start":{"line":296,"column":4},"end":{"line":305,"column":5}},"156":{"start":{"line":297,"column":21},"end":{"line":297,"column":70}},"157":{"start":{"line":297,"column":45},"end":{"line":297,"column":69}},"158":{"start":{"line":298,"column":6},"end":{"line":304,"column":7}},"159":{"start":{"line":299,"column":8},"end":{"line":299,"column":31}},"160":{"start":{"line":300,"column":8},"end":{"line":300,"column":31}},"161":{"start":{"line":301,"column":8},"end":{"line":301,"column":42}},"162":{"start":{"line":303,"column":8},"end":{"line":303,"column":14}},"163":{"start":{"line":306,"column":4},"end":{"line":306,"column":32}},"164":{"start":{"line":310,"column":23},"end":{"line":315,"column":3}},"165":{"start":{"line":311,"column":18},"end":{"line":311,"column":59}},"166":{"start":{"line":311,"column":42},"end":{"line":311,"column":58}},"167":{"start":{"line":312,"column":4},"end":{"line":312,"column":48}},"168":{"start":{"line":312,"column":35},"end":{"line":312,"column":48}},"169":{"start":{"line":313,"column":4},"end":{"line":313,"column":49}},"170":{"start":{"line":313,"column":37},"end":{"line":313,"column":49}},"171":{"start":{"line":314,"column":4},"end":{"line":314,"column":65}},"172":{"start":{"line":317,"column":2},"end":{"line":378,"column":5}},"173":{"start":{"line":318,"column":26},"end":{"line":318,"column":41}},"174":{"start":{"line":319,"column":32},"end":{"line":319,"column":77}},"175":{"start":{"line":319,"column":56},"end":{"line":319,"column":76}},"176":{"start":{"line":320,"column":4},"end":{"line":320,"column":42}},"177":{"start":{"line":320,"column":30},"end":{"line":320,"column":42}},"178":{"start":{"line":322,"column":43},"end":{"line":322,"column":90}},"179":{"start":{"line":323,"column":20},"end":{"line":323,"column":67}},"180":{"start":{"line":324,"column":20},"end":{"line":324,"column":68}},"181":{"start":{"line":326,"column":29},"end":{"line":330,"column":6}},"182":{"start":{"line":327,"column":21},"end":{"line":327,"column":46}},"183":{"start":{"line":329,"column":6},"end":{"line":329,"column":150}},"184":{"start":{"line":332,"column":41},"end":{"line":332,"column":45}},"185":{"start":{"line":333,"column":23},"end":{"line":333,"column":31}},"186":{"start":{"line":335,"column":4},"end":{"line":349,"column":5}},"187":{"start":{"line":336,"column":47},"end":{"line":336,"column":92}},"188":{"start":{"line":337,"column":6},"end":{"line":348,"column":7}},"189":{"start":{"line":343,"column":21},"end":{"line":343,"column":61}},"190":{"start":{"line":344,"column":8},"end":{"line":347,"column":9}},"191":{"start":{"line":345,"column":10},"end":{"line":345,"column":30}},"192":{"start":{"line":346,"column":10},"end":{"line":346,"column":29}},"193":{"start":{"line":351,"column":24},"end":{"line":351,"column":60}},"194":{"start":{"line":352,"column":24},"end":{"line":352,"column":55}},"195":{"start":{"line":354,"column":4},"end":{"line":356,"column":5}},"196":{"start":{"line":355,"column":6},"end":{"line":355,"column":18}},"197":{"start":{"line":358,"column":28},"end":{"line":358,"column":105}},"198":{"start":{"line":359,"column":25},"end":{"line":359,"column":54}},"199":{"start":{"line":360,"column":25},"end":{"line":360,"column":54}},"200":{"start":{"line":362,"column":30},"end":{"line":375,"column":6}},"201":{"start":{"line":363,"column":6},"end":{"line":373,"column":7}},"202":{"start":{"line":364,"column":8},"end":{"line":372,"column":10}},"203":{"start":{"line":374,"column":6},"end":{"line":374,"column":15}},"204":{"start":{"line":377,"column":4},"end":{"line":377,"column":54}},"205":{"start":{"line":382,"column":31},"end":{"line":519,"column":60}},"206":{"start":{"line":383,"column":4},"end":{"line":383,"column":48}},"207":{"start":{"line":383,"column":41},"end":{"line":383,"column":48}},"208":{"start":{"line":385,"column":26},"end":{"line":385,"column":57}},"209":{"start":{"line":386,"column":4},"end":{"line":386,"column":56}},"210":{"start":{"line":386,"column":28},"end":{"line":386,"column":54}},"211":{"start":{"line":387,"column":31},"end":{"line":387,"column":122}},"212":{"start":{"line":387,"column":62},"end":{"line":387,"column":83}},"213":{"start":{"line":387,"column":118},"end":{"line":387,"column":121}},"214":{"start":{"line":389,"column":4},"end":{"line":389,"column":46}},"215":{"start":{"line":389,"column":39},"end":{"line":389,"column":46}},"216":{"start":{"line":391,"column":75},"end":{"line":391,"column":77}},"217":{"start":{"line":392,"column":16},"end":{"line":392,"column":18}},"218":{"start":{"line":394,"column":24},"end":{"line":399,"column":69}},"219":{"start":{"line":394,"column":63},"end":{"line":399,"column":6}},"220":{"start":{"line":401,"column":4},"end":{"line":514,"column":5}},"221":{"start":{"line":403,"column":23},"end":{"line":403,"column":84}},"222":{"start":{"line":403,"column":62},"end":{"line":403,"column":83}},"223":{"start":{"line":404,"column":23},"end":{"line":404,"column":37}},"224":{"start":{"line":405,"column":8},"end":{"line":408,"column":11}},"225":{"start":{"line":406,"column":10},"end":{"line":406,"column":80}},"226":{"start":{"line":407,"column":10},"end":{"line":407,"column":43}},"227":{"start":{"line":409,"column":8},"end":{"line":409,"column":14}},"228":{"start":{"line":412,"column":23},"end":{"line":412,"column":84}},"229":{"start":{"line":412,"column":62},"end":{"line":412,"column":83}},"230":{"start":{"line":413,"column":24},"end":{"line":413,"column":78}},"231":{"start":{"line":414,"column":23},"end":{"line":414,"column":37}},"232":{"start":{"line":415,"column":8},"end":{"line":418,"column":11}},"233":{"start":{"line":416,"column":10},"end":{"line":416,"column":93}},"234":{"start":{"line":417,"column":10},"end":{"line":417,"column":43}},"235":{"start":{"line":419,"column":8},"end":{"line":419,"column":14}},"236":{"start":{"line":422,"column":23},"end":{"line":422,"column":84}},"237":{"start":{"line":422,"column":62},"end":{"line":422,"column":83}},"238":{"start":{"line":423,"column":23},"end":{"line":423,"column":37}},"239":{"start":{"line":424,"column":8},"end":{"line":427,"column":11}},"240":{"start":{"line":425,"column":10},"end":{"line":425,"column":96}},"241":{"start":{"line":426,"column":10},"end":{"line":426,"column":43}},"242":{"start":{"line":428,"column":8},"end":{"line":428,"column":14}},"243":{"start":{"line":431,"column":23},"end":{"line":431,"column":84}},"244":{"start":{"line":431,"column":62},"end":{"line":431,"column":83}},"245":{"start":{"line":432,"column":23},"end":{"line":432,"column":37}},"246":{"start":{"line":433,"column":8},"end":{"line":436,"column":11}},"247":{"start":{"line":434,"column":10},"end":{"line":434,"column":80}},"248":{"start":{"line":435,"column":10},"end":{"line":435,"column":42}},"249":{"start":{"line":437,"column":8},"end":{"line":437,"column":14}},"250":{"start":{"line":440,"column":23},"end":{"line":440,"column":84}},"251":{"start":{"line":440,"column":62},"end":{"line":440,"column":83}},"252":{"start":{"line":441,"column":24},"end":{"line":441,"column":78}},"253":{"start":{"line":442,"column":23},"end":{"line":442,"column":37}},"254":{"start":{"line":443,"column":8},"end":{"line":446,"column":11}},"255":{"start":{"line":444,"column":10},"end":{"line":444,"column":94}},"256":{"start":{"line":445,"column":10},"end":{"line":445,"column":42}},"257":{"start":{"line":447,"column":8},"end":{"line":447,"column":14}},"258":{"start":{"line":450,"column":23},"end":{"line":450,"column":84}},"259":{"start":{"line":450,"column":62},"end":{"line":450,"column":83}},"260":{"start":{"line":451,"column":23},"end":{"line":451,"column":37}},"261":{"start":{"line":452,"column":8},"end":{"line":455,"column":11}},"262":{"start":{"line":453,"column":10},"end":{"line":453,"column":97}},"263":{"start":{"line":454,"column":10},"end":{"line":454,"column":42}},"264":{"start":{"line":456,"column":8},"end":{"line":456,"column":14}},"265":{"start":{"line":459,"column":8},"end":{"line":472,"column":9}},"266":{"start":{"line":460,"column":25},"end":{"line":460,"column":86}},"267":{"start":{"line":460,"column":64},"end":{"line":460,"column":85}},"268":{"start":{"line":461,"column":29},"end":{"line":461,"column":78}},"269":{"start":{"line":461,"column":55},"end":{"line":461,"column":74}},"270":{"start":{"line":462,"column":29},"end":{"line":462,"column":122}},"271":{"start":{"line":463,"column":27},"end":{"line":463,"column":50}},"272":{"start":{"line":464,"column":22},"end":{"line":464,"column":64}},"273":{"start":{"line":466,"column":25},"end":{"line":466,"column":42}},"274":{"start":{"line":467,"column":10},"end":{"line":467,"column":69}},"275":{"start":{"line":468,"column":10},"end":{"line":471,"column":11}},"276":{"start":{"line":468,"column":23},"end":{"line":468,"column":24}},"277":{"start":{"line":469,"column":12},"end":{"line":469,"column":56}},"278":{"start":{"line":470,"column":12},"end":{"line":470,"column":71}},"279":{"start":{"line":473,"column":8},"end":{"line":473,"column":14}},"280":{"start":{"line":476,"column":9},"end":{"line":489,"column":9}},"281":{"start":{"line":477,"column":25},"end":{"line":477,"column":86}},"282":{"start":{"line":477,"column":64},"end":{"line":477,"column":85}},"283":{"start":{"line":478,"column":30},"end":{"line":478,"column":80}},"284":{"start":{"line":478,"column":56},"end":{"line":478,"column":76}},"285":{"start":{"line":479,"column":29},"end":{"line":479,"column":123}},"286":{"start":{"line":480,"column":27},"end":{"line":480,"column":51}},"287":{"start":{"line":481,"column":22},"end":{"line":481,"column":64}},"288":{"start":{"line":483,"column":25},"end":{"line":483,"column":42}},"289":{"start":{"line":484,"column":10},"end":{"line":484,"column":69}},"290":{"start":{"line":485,"column":10},"end":{"line":488,"column":11}},"291":{"start":{"line":485,"column":23},"end":{"line":485,"column":24}},"292":{"start":{"line":486,"column":12},"end":{"line":486,"column":57}},"293":{"start":{"line":487,"column":12},"end":{"line":487,"column":71}},"294":{"start":{"line":490,"column":8},"end":{"line":490,"column":14}},"295":{"start":{"line":493,"column":35},"end":{"line":493,"column":77}},"296":{"start":{"line":494,"column":8},"end":{"line":494,"column":39}},"297":{"start":{"line":494,"column":33},"end":{"line":494,"column":39}},"298":{"start":{"line":495,"column":25},"end":{"line":495,"column":55}},"299":{"start":{"line":496,"column":8},"end":{"line":500,"column":11}},"300":{"start":{"line":497,"column":10},"end":{"line":499,"column":11}},"301":{"start":{"line":498,"column":12},"end":{"line":498,"column":67}},"302":{"start":{"line":501,"column":8},"end":{"line":501,"column":14}},"303":{"start":{"line":504,"column":35},"end":{"line":504,"column":77}},"304":{"start":{"line":505,"column":8},"end":{"line":505,"column":39}},"305":{"start":{"line":505,"column":33},"end":{"line":505,"column":39}},"306":{"start":{"line":506,"column":26},"end":{"line":506,"column":57}},"307":{"start":{"line":507,"column":8},"end":{"line":511,"column":11}},"308":{"start":{"line":508,"column":10},"end":{"line":510,"column":11}},"309":{"start":{"line":509,"column":12},"end":{"line":509,"column":69}},"310":{"start":{"line":512,"column":8},"end":{"line":512,"column":14}},"311":{"start":{"line":516,"column":4},"end":{"line":518,"column":5}},"312":{"start":{"line":517,"column":6},"end":{"line":517,"column":32}},"313":{"start":{"line":522,"column":29},"end":{"line":532,"column":40}},"314":{"start":{"line":523,"column":19},"end":{"line":523,"column":81}},"315":{"start":{"line":523,"column":56},"end":{"line":523,"column":80}},"316":{"start":{"line":524,"column":2},"end":{"line":524,"column":24}},"317":{"start":{"line":524,"column":17},"end":{"line":524,"column":24}},"318":{"start":{"line":525,"column":19},"end":{"line":525,"column":58}},"319":{"start":{"line":526,"column":2},"end":{"line":529,"column":3}},"320":{"start":{"line":527,"column":4},"end":{"line":527,"column":67}},"321":{"start":{"line":528,"column":4},"end":{"line":528,"column":11}},"322":{"start":{"line":530,"column":2},"end":{"line":530,"column":51}},"323":{"start":{"line":531,"column":2},"end":{"line":531,"column":39}},"324":{"start":{"line":534,"column":29},"end":{"line":544,"column":57}},"325":{"start":{"line":535,"column":19},"end":{"line":535,"column":81}},"326":{"start":{"line":535,"column":56},"end":{"line":535,"column":80}},"327":{"start":{"line":536,"column":2},"end":{"line":536,"column":37}},"328":{"start":{"line":536,"column":30},"end":{"line":536,"column":37}},"329":{"start":{"line":537,"column":19},"end":{"line":537,"column":58}},"330":{"start":{"line":538,"column":2},"end":{"line":538,"column":59}},"331":{"start":{"line":539,"column":2},"end":{"line":539,"column":39}},"332":{"start":{"line":540,"column":25},"end":{"line":540,"column":63}},"333":{"start":{"line":541,"column":2},"end":{"line":543,"column":3}},"334":{"start":{"line":542,"column":4},"end":{"line":542,"column":130}},"335":{"start":{"line":546,"column":29},"end":{"line":556,"column":57}},"336":{"start":{"line":547,"column":20},"end":{"line":547,"column":82}},"337":{"start":{"line":547,"column":57},"end":{"line":547,"column":81}},"338":{"start":{"line":548,"column":2},"end":{"line":548,"column":37}},"339":{"start":{"line":548,"column":30},"end":{"line":548,"column":37}},"340":{"start":{"line":549,"column":19},"end":{"line":549,"column":58}},"341":{"start":{"line":550,"column":2},"end":{"line":550,"column":50}},"342":{"start":{"line":551,"column":2},"end":{"line":551,"column":39}},"343":{"start":{"line":552,"column":25},"end":{"line":552,"column":63}},"344":{"start":{"line":553,"column":2},"end":{"line":555,"column":3}},"345":{"start":{"line":554,"column":4},"end":{"line":554,"column":44}},"346":{"start":{"line":558,"column":29},"end":{"line":560,"column":23}},"347":{"start":{"line":559,"column":4},"end":{"line":559,"column":42}},"348":{"start":{"line":562,"column":31},"end":{"line":567,"column":8}},"349":{"start":{"line":563,"column":4},"end":{"line":566,"column":8}},"350":{"start":{"line":563,"column":30},"end":{"line":566,"column":6}},"351":{"start":{"line":569,"column":34},"end":{"line":575,"column":109}},"352":{"start":{"line":569,"column":49},"end":{"line":575,"column":4}},"353":{"start":{"line":577,"column":21},"end":{"line":580,"column":8}},"354":{"start":{"line":578,"column":2},"end":{"line":578,"column":27}},"355":{"start":{"line":579,"column":2},"end":{"line":579,"column":30}},"356":{"start":{"line":582,"column":32},"end":{"line":584,"column":33}},"357":{"start":{"line":583,"column":2},"end":{"line":583,"column":60}},"358":{"start":{"line":583,"column":32},"end":{"line":583,"column":58}},"359":{"start":{"line":588,"column":26},"end":{"line":614,"column":85}},"360":{"start":{"line":589,"column":16},"end":{"line":589,"column":110}},"361":{"start":{"line":590,"column":2},"end":{"line":601,"column":5}},"362":{"start":{"line":591,"column":18},"end":{"line":591,"column":32}},"363":{"start":{"line":592,"column":4},"end":{"line":600,"column":5}},"364":{"start":{"line":593,"column":6},"end":{"line":595,"column":null}},"365":{"start":{"line":597,"column":7},"end":{"line":599,"column":null}},"366":{"start":{"line":602,"column":2},"end":{"line":611,"column":5}},"367":{"start":{"line":602,"column":25},"end":{"line":602,"column":55}},"368":{"start":{"line":603,"column":18},"end":{"line":603,"column":39}},"369":{"start":{"line":604,"column":4},"end":{"line":610,"column":5}},"370":{"start":{"line":605,"column":33},"end":{"line":605,"column":44}},"371":{"start":{"line":606,"column":6},"end":{"line":609,"column":null}},"372":{"start":{"line":613,"column":2},"end":{"line":613,"column":15}},"373":{"start":{"line":616,"column":32},"end":{"line":616,"column":79}},"374":{"start":{"line":616,"column":47},"end":{"line":616,"column":60}},"375":{"start":{"line":618,"column":2},"end":{"line":651,"column":4}},"376":{"start":{"line":38,"column":13},"end":{"line":38,"column":26}}},"fnMap":{"0":{"name":"(anonymous_0)","decl":{"start":{"line":7,"column":26},"end":{"line":7,"column":27}},"loc":{"start":{"line":7,"column":68},"end":{"line":21,"column":1}}},"1":{"name":"(anonymous_1)","decl":{"start":{"line":38,"column":26},"end":{"line":38,"column":27}},"loc":{"start":{"line":38,"column":107},"end":{"line":652,"column":1}}},"2":{"name":"(anonymous_2)","decl":{"start":{"line":55,"column":40},"end":{"line":55,"column":45}},"loc":{"start":{"line":55,"column":69},"end":{"line":63,"column":3}}},"3":{"name":"(anonymous_3)","decl":{"start":{"line":56,"column":50},"end":{"line":56,"column":52}},"loc":{"start":{"line":56,"column":56},"end":{"line":56,"column":76}}},"4":{"name":"(anonymous_4)","decl":{"start":{"line":62,"column":24},"end":{"line":62,"column":28}},"loc":{"start":{"line":62,"column":33},"end":{"line":62,"column":68}}},"5":{"name":"(anonymous_5)","decl":{"start":{"line":66,"column":12},"end":{"line":66,"column":15}},"loc":{"start":{"line":66,"column":17},"end":{"line":70,"column":3}}},"6":{"name":"(anonymous_6)","decl":{"start":{"line":67,"column":36},"end":{"line":67,"column":44}},"loc":{"start":{"line":67,"column":47},"end":{"line":69,"column":3}}},"7":{"name":"(anonymous_7)","decl":{"start":{"line":73,"column":12},"end":{"line":73,"column":15}},"loc":{"start":{"line":73,"column":17},"end":{"line":79,"column":3}}},"8":{"name":"(anonymous_8)","decl":{"start":{"line":75,"column":36},"end":{"line":75,"column":37}},"loc":{"start":{"line":75,"column":40},"end":{"line":77,"column":5}}},"9":{"name":"(anonymous_9)","decl":{"start":{"line":83,"column":12},"end":{"line":83,"column":15}},"loc":{"start":{"line":83,"column":17},"end":{"line":96,"column":3}}},"10":{"name":"(anonymous_10)","decl":{"start":{"line":87,"column":46},"end":{"line":87,"column":49}},"loc":{"start":{"line":87,"column":51},"end":{"line":89,"column":3}}},"11":{"name":"(anonymous_11)","decl":{"start":{"line":91,"column":9},"end":{"line":91,"column":12}},"loc":{"start":{"line":91,"column":14},"end":{"line":95,"column":3}}},"12":{"name":"(anonymous_12)","decl":{"start":{"line":99,"column":39},"end":{"line":99,"column":40}},"loc":{"start":{"line":99,"column":69},"end":{"line":103,"column":3}}},"13":{"name":"(anonymous_13)","decl":{"start":{"line":108,"column":12},"end":{"line":108,"column":15}},"loc":{"start":{"line":108,"column":17},"end":{"line":112,"column":3}}},"14":{"name":"(anonymous_14)","decl":{"start":{"line":114,"column":36},"end":{"line":114,"column":37}},"loc":{"start":{"line":114,"column":69},"end":{"line":119,"column":3}}},"15":{"name":"(anonymous_15)","decl":{"start":{"line":115,"column":24},"end":{"line":115,"column":28}},"loc":{"start":{"line":115,"column":33},"end":{"line":118,"column":4}}},"16":{"name":"(anonymous_16)","decl":{"start":{"line":121,"column":34},"end":{"line":121,"column":35}},"loc":{"start":{"line":121,"column":60},"end":{"line":130,"column":3}}},"17":{"name":"(anonymous_17)","decl":{"start":{"line":122,"column":35},"end":{"line":122,"column":36}},"loc":{"start":{"line":122,"column":40},"end":{"line":122,"column":64}}},"18":{"name":"(anonymous_18)","decl":{"start":{"line":126,"column":24},"end":{"line":126,"column":28}},"loc":{"start":{"line":126,"column":33},"end":{"line":129,"column":4}}},"19":{"name":"(anonymous_19)","decl":{"start":{"line":132,"column":34},"end":{"line":132,"column":35}},"loc":{"start":{"line":132,"column":89},"end":{"line":138,"column":3}}},"20":{"name":"(anonymous_20)","decl":{"start":{"line":133,"column":24},"end":{"line":133,"column":28}},"loc":{"start":{"line":133,"column":31},"end":{"line":137,"column":3}}},"21":{"name":"(anonymous_21)","decl":{"start":{"line":140,"column":33},"end":{"line":140,"column":34}},"loc":{"start":{"line":140,"column":53},"end":{"line":145,"column":3}}},"22":{"name":"(anonymous_22)","decl":{"start":{"line":141,"column":26},"end":{"line":141,"column":30}},"loc":{"start":{"line":141,"column":35},"end":{"line":144,"column":6}}},"23":{"name":"(anonymous_23)","decl":{"start":{"line":151,"column":35},"end":{"line":151,"column":36}},"loc":{"start":{"line":151,"column":143},"end":{"line":181,"column":3}}},"24":{"name":"(anonymous_24)","decl":{"start":{"line":176,"column":24},"end":{"line":176,"column":28}},"loc":{"start":{"line":176,"column":33},"end":{"line":180,"column":4}}},"25":{"name":"(anonymous_25)","decl":{"start":{"line":183,"column":38},"end":{"line":183,"column":39}},"loc":{"start":{"line":183,"column":88},"end":{"line":190,"column":3}}},"26":{"name":"(anonymous_26)","decl":{"start":{"line":184,"column":24},"end":{"line":184,"column":28}},"loc":{"start":{"line":184,"column":33},"end":{"line":189,"column":4}}},"27":{"name":"(anonymous_27)","decl":{"start":{"line":186,"column":36},"end":{"line":186,"column":37}},"loc":{"start":{"line":187,"column":6},"end":{"line":187,"column":68}}},"28":{"name":"(anonymous_28)","decl":{"start":{"line":192,"column":39},"end":{"line":192,"column":40}},"loc":{"start":{"line":192,"column":106},"end":{"line":205,"column":3}}},"29":{"name":"(anonymous_29)","decl":{"start":{"line":193,"column":24},"end":{"line":193,"column":28}},"loc":{"start":{"line":193,"column":31},"end":{"line":204,"column":3}}},"30":{"name":"(anonymous_30)","decl":{"start":{"line":194,"column":43},"end":{"line":194,"column":44}},"loc":{"start":{"line":194,"column":48},"end":{"line":194,"column":63}}},"31":{"name":"(anonymous_31)","decl":{"start":{"line":197,"column":38},"end":{"line":197,"column":39}},"loc":{"start":{"line":197,"column":42},"end":{"line":202,"column":7}}},"32":{"name":"(anonymous_32)","decl":{"start":{"line":208,"column":38},"end":{"line":208,"column":39}},"loc":{"start":{"line":208,"column":75},"end":{"line":222,"column":3}}},"33":{"name":"(anonymous_33)","decl":{"start":{"line":210,"column":28},"end":{"line":210,"column":35}},"loc":{"start":{"line":210,"column":38},"end":{"line":218,"column":5}}},"34":{"name":"(anonymous_34)","decl":{"start":{"line":224,"column":44},"end":{"line":224,"column":47}},"loc":{"start":{"line":224,"column":49},"end":{"line":226,"column":3}}},"35":{"name":"(anonymous_35)","decl":{"start":{"line":228,"column":38},"end":{"line":228,"column":39}},"loc":{"start":{"line":228,"column":53},"end":{"line":247,"column":3}}},"36":{"name":"(anonymous_36)","decl":{"start":{"line":229,"column":24},"end":{"line":229,"column":28}},"loc":{"start":{"line":229,"column":31},"end":{"line":245,"column":3}}},"37":{"name":"(anonymous_37)","decl":{"start":{"line":231,"
[...]
"end":{"line":94,"column":5}},"type":"if","locations":[{"start":{"line":92,"column":4},"end":{"line":94,"column":5}}]},"8":{"loc":{"start":{"line":122,"column":2},"end":{"line":125,"column":3}},"type":"if","locations":[{"start":{"line":122,"column":2},"end":{"line":125,"column":3}}]},"9":{"loc":{"start":{"line":151,"column":93},"end":{"line":151,"column":123}},"type":"default-arg","locations":[{"start":{"line":151,"column":119},"end":{"line":151,"column":123}}]},"10":{"loc":{"start":{"line":153,"column":2},"end":{"line":153,"column":31}},"type":"if","locations":[{"start":{"line":153,"column":2},"end":{"line":153,"column":31}}]},"11":{"loc":{"start":{"line":168,"column":2},"end":{"line":174,"column":3}},"type":"if","locations":[{"start":{"line":168,"column":2},"end":{"line":174,"column":3}}]},"12":{"loc":{"start":{"line":168,"column":6},"end":{"line":168,"column":66}},"type":"binary-expr","locations":[{"start":{"line":168,"column":6},"end":{"line":168,"column":24}},{"start":{"line":168,"column":28},"end":{"line":168,"column":66}}]},"13":{"loc":{"start":{"line":170,"column":4},"end":{"line":172,"column":5}},"type":"if","locations":[{"start":{"line":170,"column":4},"end":{"line":172,"column":5}}]},"14":{"loc":{"start":{"line":170,"column":8},"end":{"line":170,"column":72}},"type":"binary-expr","locations":[{"start":{"line":170,"column":8},"end":{"line":170,"column":39}},{"start":{"line":170,"column":43},"end":{"line":170,"column":72}}]},"15":{"loc":{"start":{"line":187,"column":6},"end":{"line":187,"column":68}},"type":"cond-expr","locations":[{"start":{"line":187,"column":20},"end":{"line":187,"column":64}},{"start":{"line":187,"column":67},"end":{"line":187,"column":68}}]},"16":{"loc":{"start":{"line":198,"column":8},"end":{"line":200,"column":9}},"type":"if","locations":[{"start":{"line":198,"column":8},"end":{"line":200,"column":9}}]},"17":{"loc":{"start":{"line":209,"column":2},"end":{"line":221,"column":3}},"type":"if","locations":[{"start":{"line":209,"column":2},"end":{"line":221,"column":3}},{"start":{"line":219,"column":9},"end":{"line":221,"column":3}}]},"18":{"loc":{"start":{"line":209,"column":6},"end":{"line":209,"column":49}},"type":"binary-expr","locations":[{"start":{"line":209,"column":6},"end":{"line":209,"column":7}},{"start":{"line":209,"column":12},"end":{"line":209,"column":22}},{"start":{"line":209,"column":26},"end":{"line":209,"column":35}},{"start":{"line":209,"column":39},"end":{"line":209,"column":48}}]},"19":{"loc":{"start":{"line":212,"column":6},"end":{"line":216,"column":7}},"type":"if","locations":[{"start":{"line":212,"column":6},"end":{"line":216,"column":7}},{"start":{"line":214,"column":13},"end":{"line":216,"column":7}}]},"20":{"loc":{"start":{"line":233,"column":8},"end":{"line":236,"column":9}},"type":"if","locations":[{"start":{"line":233,"column":8},"end":{"line":236,"column":9}}]},"21":{"loc":{"start":{"line":250,"column":2},"end":{"line":250,"column":48}},"type":"if","locations":[{"start":{"line":250,"column":2},"end":{"line":250,"column":48}}]},"22":{"loc":{"start":{"line":255,"column":8},"end":{"line":258,"column":9}},"type":"if","locations":[{"start":{"line":255,"column":8},"end":{"line":258,"column":9}}]},"23":{"loc":{"start":{"line":291,"column":4},"end":{"line":291,"column":42}},"type":"if","locations":[{"start":{"line":291,"column":4},"end":{"line":291,"column":42}}]},"24":{"loc":{"start":{"line":298,"column":6},"end":{"line":304,"column":7}},"type":"if","locations":[{"start":{"line":298,"column":6},"end":{"line":304,"column":7}},{"start":{"line":302,"column":13},"end":{"line":304,"column":7}}]},"25":{"loc":{"start":{"line":312,"column":4},"end":{"line":312,"column":48}},"type":"if","locations":[{"start":{"line":312,"column":4},"end":{"line":312,"column":48}}]},"26":{"loc":{"start":{"line":312,"column":8},"end":{"line":312,"column":33}},"type":"binary-expr","locations":[{"start":{"line":312,"column":8},"end":{"line":312,"column":14}},{"start":{"line":312,"column":18},"end":{"line":312,"column":33}}]},"27":{"loc":{"start":{"line":313,"column":4},"end":{"line":313,"column":49}},"type":"if","locations":[{"start":{"line":313,"column":4},"end":{"line":313,"column":49}}]},"28":{"loc":{"start":{"line":320,"column":4},"end":{"line":320,"column":42}},"type":"if","locations":[{"start":{"line":320,"column":4},"end":{"line":320,"column":42}}]},"29":{"loc":{"start":{"line":329,"column":13},"end":{"line":329,"column":149}},"type":"binary-expr","locations":[{"start":{"line":329,"column":13},"end":{"line":329,"column":31}},{"start":{"line":329,"column":35},"end":{"line":329,"column":55}},{"start":{"line":329,"column":59},"end":{"line":329,"column":106}},{"start":{"line":329,"column":110},"end":{"line":329,"column":149}}]},"30":{"loc":{"start":{"line":337,"column":6},"end":{"line":348,"column":7}},"type":"if","locations":[{"start":{"line":337,"column":6},"end":{"line":348,"column":7}}]},"31":{"loc":{"start":{"line":338,"column":8},"end":{"line":341,"column":51}},"type":"binary-expr","locations":[{"start":{"line":338,"column":8},"end":{"line":338,"column":29}},{"start":{"line":339,"column":8},"end":{"line":339,"column":50}},{"start":{"line":340,"column":8},"end":{"line":340,"column":29}},{"start":{"line":341,"column":8},"end":{"line":341,"column":51}}]},"32":{"loc":{"start":{"line":344,"column":8},"end":{"line":347,"column":9}},"type":"if","locations":[{"start":{"line":344,"column":8},"end":{"line":347,"column":9}}]},"33":{"loc":{"start":{"line":351,"column":24},"end":{"line":351,"column":60}},"type":"binary-expr","locations":[{"start":{"line":351,"column":24},"end":{"line":351,"column":52}},{"start":{"line":351,"column":56},"end":{"line":351,"column":60}}]},"34":{"loc":{"start":{"line":352,"column":24},"end":{"line":352,"column":55}},"type":"cond-expr","locations":[{"start":{"line":352,"column":36},"end":{"line":352,"column":48}},{"start":{"line":352,"column":51},"end":{"line":352,"column":55}}]},"35":{"loc":{"start":{"line":354,"column":4},"end":{"line":356,"column":5}},"type":"if","locations":[{"start":{"line":354,"column":4},"end":{"line":356,"column":5}}]},"36":{"loc":{"start":{"line":358,"column":28},"end":{"line":358,"column":105}},"type":"cond-expr","locations":[{"start":{"line":358,"column":40},"end":{"line":358,"column":88}},{"start":{"line":358,"column":91},"end":{"line":358,"column":105}}]},"37":{"loc":{"start":{"line":363,"column":6},"end":{"line":373,"column":7}},"type":"if","locations":[{"start":{"line":363,"column":6},"end":{"line":373,"column":7}}]},"38":{"loc":{"start":{"line":383,"column":4},"end":{"line":383,"column":48}},"type":"if","locations":[{"start":{"line":383,"column":4},"end":{"line":383,"column":48}}]},"39":{"loc":{"start":{"line":389,"column":4},"end":{"line":389,"column":46}},"type":"if","locations":[{"start":{"line":389,"column":4},"end":{"line":389,"column":46}}]},"40":{"loc":{"start":{"line":401,"column":4},"end":{"line":514,"column":5}},"type":"switch","locations":[{"start":{"line":402,"column":6},"end":{"line":410,"column":7}},{"start":{"line":411,"column":6},"end":{"line":420,"column":7}},{"start":{"line":421,"column":6},"end":{"line":429,"column":7}},{"start":{"line":430,"column":6},"end":{"line":438,"column":7}},{"start":{"line":439,"column":6},"end":{"line":448,"column":7}},{"start":{"line":449,"column":6},"end":{"line":457,"column":7}},{"start":{"line":458,"column":6},"end":{"line":474,"column":7}},{"start":{"line":475,"column":6},"end":{"line":491,"column":7}},{"start":{"line":492,"column":6},"end":{"line":502,"column":7}},{"start":{"line":503,"column":6},"end":{"line":513,"column":7}}]},"41":{"loc":{"start":{"line":459,"column":8},"end":{"line":472,"column":9}},"type":"if","locations":[{"start":{"line":459,"column":8},"end":{"line":472,"column":9}}]},"42":{"loc":{"start":{"line":476,"column":9},"end":{"line":489,"column":9}},"type":"if","locations":[{"start":{"line":476,"column":9},"end":{"line":489,"column":9}}]},"43":{"loc":{"start":{"line":494,"column":8},"end":{"line":494,"column":39}},"type":"if","locations":[{"start":{"line":494,"column":8},"end":{"line":494,"column":39}}]},"44":{"loc":{"start":{"line":497,"column":10},"end":{"line":499,"column":11}},"type":"if","locations":[{"start":{"line":497,"column":10},"end":{"line":499,"column":11}}]},"45":{"loc":{"start":{"line":505,"column":8},"end":{"line":505,"column":39}},"type":"if","locations":[{"start":{"line":505,"column":8},"end":{"line":505,"column":39}}]},"46":{"loc":{"start":{"line":508,"column":10},"end":{"line":510,"column":11}},"type":"if","locations":[{"start":{"line":508,"column":10},"end":{"line":510,"column":11}}]},"47":{"loc":{"start":{"line":516,"column":4},"end":{"line":518,"column":5}},"type":"if","locations":[{"start":{"line":516,"column":4},"end":{"line":518,"column":5}}]},"48":{"loc":{"start":{"line":524,"column":2},"end":{"line":524,"column":24}},"type":"if","locations":[{"start":{"line":524,"column":2},"end":{"line":524,"column":24}}]},"49":{"loc":{"start":{"line":526,"column":2},"end":{"line":529,"column":3}},"type":"if","locations":[{"start":{"line":526,"column":2},"end":{"line":529,"column":3}}]},"50":{"loc":{"start":{"line":536,"column":2},"end":{"line":536,"column":37}},"type":"if","locations":[{"start":{"line":536,"column":2},"end":{"line":536,"column":37}}]},"51":{"loc":{"start":{"line":536,"column":6},"end":{"line":536,"column":28}},"type":"binary-expr","locations":[{"start":{"line":536,"column":6},"end":{"line":536,"column":15}},{"start":{"line":536,"column":19},"end":{"line":536,"column":28}}]},"52":{"loc":{"start":{"line":541,"column":2},"end":{"line":543,"column":3}},"type":"if","locations":[{"start":{"line":541,"column":2},"end":{"line":543,"column":3}}]},"53":{"loc":{"start":{"line":541,"column":6},"end":{"line":541,"column":127}},"type":"binary-expr","locations":[{"start":{"line":541,"column":6},"end":{"line":541,"column":20}},{"start":{"line":541,"column":24},"end":{"line":541,"column":58}},{"start":{"line":541,"column":62},"end":{"line":541,"column":84}},{"start":{"line":541,"column":89},"end":{"line":541,"column":127}}]},"54":{"loc":{"start":{"line":542,"column":72},"end":{"line":542,"column":125}},"type":"cond-expr","locations":[{"start":{"line":542,"column":113},"end":{"line":542,"column":120}},{"start":{"line":542,"column":123},"end":{"line":542,"column":125}}]},"55":{"loc":{"start":{"line":542,"column":72},"end":{"line":542,"column":110}},"type":"binary-expr","locations":[{"start":{"line":542,"column":72},"end":{"line":542,"column":99}},{"start":{"line":542,"column":103},"end":{"line":542,"column":110}}]},"56":{"loc":{"start":{"line":548,"column":2},"end":{"line":548,"column":37}},"type":"if","locations":[{"start":{"line":548,"column":2},"end":{"line":548,"column":37}}]},"57":{"loc":{"start":{"line":548,"column":6},"end":{"line":548,"column":28}},"type":"binary-expr","locations":[{"start":{"line":548,"column":6},"end":{"line":548,"column":15}},{"start":{"line":548,"column":19},"end":{"line":548,"column":28}}]},"58":{"loc":{"start":{"line":553,"column":2},"end":{"line":555,"column":3}},"type":"if","locations":[{"start":{"line":553,"column":2},"end":{"line":555,"column":3}}]},"59":{"loc":{"start":{"line":553,"column":6},"end":{"line":553,"column":127}},"type":"binary-expr","locations":[{"start":{"line":553,"column":6},"end":{"line":553,"column":20}},{"start":{"line":553,"column":24},"end":{"line":553,"column":58}},{"start":{"line":553,"column":62},"end":{"line":553,"column":84}},{"start":{"line":553,"column":89},"end":{"line":553,"column":127}}]},"60":{"loc":{"start":{"line":592,"column":4},"end":{"line":600,"column":5}},"type":"if","locations":[{"start":{"line":592,"column":4},"end":{"line":600,"column":5}},{"start":{"line":596,"column":11},"end":{"line":600,"column":5}}]},"61":{"loc":{"start":{"line":604,"column":4},"end":{"line":610,"column":5}},"type":"if","locations":[{"start":{"line":604,"column":4},"end":{"line":610,"column":5}}]},"62":{"loc":{"start":{"line":607,"column":12},"end":{"line":607,"column":98}},"type":"cond-expr","locations":[{"start":{"line":607,"column":75},"end":{"line":607,"column":93}},{"start":{"line":607,"column":96},"end":{"line":607,"column":98}}]},"63":{"loc":{"start":{"line":607,"column":12},"end":{"line":607,"column":72}},"type":"binary-expr","locations":[{"start":{"line":607,"column":12},"end":{"line":607,"column":50}},{"start":{"line":607,"column":54},"end":{"line":607,"column":72}}]}},"s":{"0":0,"1":0,"2":0,"3":0,"4":0,"5":0,"6":0,"7":0,"8":0,"9":0,"10":0,"11":0,"12":0,"13":0,"14":0,"15":0,"16":0,"17":0,"18":0,"19":0,"20":0,"21":0,"22":0,"23":0,"24":0,"25":0,"26":0,"27":0,"28":0,"29":0,"30":0,"31":0,"32":0,"33":0,"34":0,"35":0,"36":0,"37":0,"38":0,"39":0,"40":0,"41":0,"42":0,"43":0,"44":0,"45":0,"46":0,"47":0,"48":0,"49":0,"50":0,"51":0,"52":0,"53":0,"54":0,"55":0,"56":0,"57":0,"58":0,"59":0,"60":0,"61":0,"62":0,"63":0,"64":0,"65":0,"66":0,"67":0,"68":0,"69":0,"70":0,"71":0,"72":0,"73":0,"74":0,"75":0,"76":0,"77":0,"78":0,"79":0,"80":0,"81":0,"82":0,"83":0,"84":0,"85":0,"86":0,"87":0,"88":0,"89":0,"90":0,"91":0,"92":0,"93":0,"94":0,"95":0,"96":0,"97":0,"98":0,"99":0,"100":0,"101":0,"102":0,"103":0,"104":0,"105":0,"106":0,"107":0,"108":0,"109":0,"110":0,"111":0,"112":0,"113":0,"114":0,"115":0,"116":0,"117":0,"118":0,"119":0,"120":0,"121":0,"122":0,"123":0,"124":0,"125":0,"126":0,"127":0,"128":0,"129":0,"130":0,"131":0,"132":0,"133":0,"134":0,"135":0,"136":0,"137":0,"138":0,"139":0,"140":0,"141":0,"142":0,"143":0,"144":0,"145":0,"146":0,"147":0,"148":0,"149":0,"150":0,"151":0,"152":0,"153":0,"154":0,"155":0,"156":0,"157":0,"158":0,"159":0,"160":0,"161":0,"162":0,"163":0,"164":0,"165":0,"166":0,"167":0,"168":0,"169":0,"170":0,"171":0,"172":0,"173":0,"174":0,"175":0,"176":0,"177":0,"178":0,"179":0,"180":0,"181":0,"182":0,"183":0,"184":0,"185":0,"186":0,"187":0,"188":0,"189":0,"190":0,"191":0,"192":0,"193":0,"194":0,"195":0,"196":0,"197":0,"198":0,"199":0,"200":0,"201":0,"202":0,"203":0,"204":0,"205":0,"206":0,"207":0,"208":0,"209":0,"210":0,"211":0,"212":0,"213":0,"214":0,"215":0,"216":0,"217":0,"218":0,"219":0,"220":0,"221":0,"222":0,"223":0,"224":0,"225":0,"226":0,"227":0,"228":0,"229":0,"230":0,"231":0,"232":0,"233":0,"234":0,"235":0,"236":0,"237":0,"238":0,"239":0,"240":0,"241":0,"242":0,"243":0,"244":0,"245":0,"246":0,"247":0,"248":0,"249":0,"250":0,"251":0,"252":0,"253":0,"254":0,"255":0,"256":0,"257":0,"258":0,"259":0,"260":0,"261":0,"262":0,"263":0,"264":0,"265":0,"266":0,"267":0,"268":0,"269":0,"270":0,"271":0,"272":0,"273":0,"274":0,"275":0,"276":0,"277":0,"278":0,"279":0,"280":0,"281":0,"282":0,"283":0,"284":0,"285":0,"286":0,"287":0,"288":0,"289":0,"290":0,"291":0,"292":0,"293":0,"294":0,"295":0,"296":0,"297":0,"298":0,"299":0,"300":0,"301":0,"302":0,"303":0,"304":0,"305":0,"306":0,"307":0,"308":0,"309":0,"310":0,"311":0,"312":0,"313":0,"314":0,"315":0,"316":0,"317":0,"318":0,"319":0,"320":0,"321":0,"322":0,"323":0,"324":0,"325":0,"326":0,"327":0,"328":0,"329":0,"330":0,"331":0,"332":0,"333":0,"334":0,"335":0,"336":0,"337":0,"338":0,"339":0,"340":0,"341":0,"342":0,"343":0,"344":0,"345":0,"346":0,"347":0,"348":0,"349":0,"350":0,"351":0,"352":0,"353":0,"354":0,"355":0,"356":0,"357":0,"358":0,"359":0,"360":0,"361":0,"362":0,"363":0,"364":0,"365":0,"366":0,"367":0,"368":0,"369":0,"370":0,"371":0,"372":0,"373":0,"374":0,"375":0,"376":0},"f":{"0":0,"1":0,"2":0,"3":0,"4":0,"5":0,"6":0,"7":0,"8":0,"9":0,"10":0,"11":0,"12":0,"13":0,"14":0,"15":0,"16":0,"17":0,"18":0,"19":0,"20":0,"21":0,"22":0,"23":0,"24":0,"25":0,"26":0,"27":0,"28":0,"29":0,"30":0,"31":0,"32":0,"33":0,"34":0,"35":0,"36":0,"37":0,"38":0,"39":0,"40":0,"41":0,"42":0,"43":0,"44":0,"45":0,"46":0,"47":0,"48":0,"49":0,"50":0,"51":0,"52":0,"53":0,"54":0,"55":0,"56":0,"57":0,"58":0,"59":0,"60":0,"61":0,"62":0,"63":0,"64":0,"65":0,"66":0,"67":0,"68":0,"69":0,"70":0,"71":0,"72":0,"73":0,"74":0,"75":0,"76":0,"77":0,"78":0,"79":0,"80":0,"81":0,"82":0,"83":0,"84":0,"85":0,"86":0,"87":0,"88":0,"89":0,"90":0,"91":0,"92":0,"93":0,"94":0,"95":0,"96":0,"97":0,"98":0,"99":0,"100":0},"b":{"0":[0,0,0,0,0,0],"1":[0,0],"2":[0,0],"3":[0,0],"4":[0],"5":[0],"6":[0],"7":[0],"8":[0],"9":[0],"10":[0],"11":[0],"12":[0,0],"13":[0],"14":[0,0],"15":[0,0],"16":[0],"17":[0,0],"18":[0,0,0,0],"19":[0,0],"20":[0],"21":[0],"22":[0],"23":[0],"24":[0,0],"25":[0],"26":[0,0],"27":[0],"28":[0],"29":[0,0,0,0],"30":[0],"31":[0,0,0,0],"32":[0],"33":[0,0],"34":[0,0],"35":[0],"36":[0,0],"37":[0],"38":[0],"39":[0],"40":[0,0,0,0,0,0,0,0,0,0],"41":[0],"42":[0],"43":[0],"44":[0],"45":[0],"46":[0],"47":[0],"48":[0],"49":[0],"50":[0],"51":[0,0],"52":[0],"53":[0,0,0,0],"54":[0,0],"55":[0,0],"56":[0],"57":[0,0],"58":[0],"59":[0,0,0,0],"60":[0,0],"61":[0],"62":[0,0],"63":[0,0]}}
,"/Users/ravindraadireddy/AiApps/src/property-renderers/registry.ts": {"path":"/Users/ravindraadireddy/AiApps/src/property-renderers/registry.ts","statementMap":{"0":{"start":{"line":1,"column":0},"end":{"line":1,"column":50}}},"fnMap":{},"branchMap":{},"s":{"0":0},"f":{},"b":{}}
,"/Users/ravindraadireddy/AiApps/src/property-renderers/useJavaScriptRenderer.ts": {"path":"/Users/ravindraadireddy/AiApps/src/property-renderers/useJavaScriptRenderer.ts","statementMap":{"0":{"start":{"line":1,"column":0},"end":{"line":1,"column":63}}},"fnMap":{},"branchMap":{},"s":{"0":0},"f":{},"b":{}}
,"/Users/ravindraadireddy/AiApps/src/property-renderers/useMarkdownRenderer.ts": {"path":"/Users/ravindraadireddy/AiApps/src/property-renderers/useMarkdownRenderer.ts","statementMap":{"0":{"start":{"line":1,"column":0},"end":{"line":1,"column":61}}},"fnMap":{},"branchMap":{},"s":{"0":0},"f":{},"b":{}}
,"/Users/ravindraadireddy/AiApps/src/services/geminiService.ts": {"path":"/Users/ravindraadireddy/AiApps/src/services/geminiService.ts","statementMap":{"0":{"start":{"line":1,"column":0},"end":{"line":1,"column":45}}},"fnMap":{},"branchMap":{},"s":{"0":1},"f":{},"b":{}}
,"/Users/ravindraadireddy/AiApps/src/services/projectExporter.ts": {"path":"/Users/ravindraadireddy/AiApps/src/services/projectExporter.ts","statementMap":{"0":{"start":{"line":1,"column":0},"end":{"line":1,"column":47}}},"fnMap":{},"branchMap":{},"s":{"0":0},"f":{},"b":{}}
,"/Users/ravindraadireddy/AiApps/src/services/project-exporter/index.ts": {"path":"/Users/ravindraadireddy/AiApps/src/services/project-exporter/index.ts","statementMap":{"0":{"start":{"line":1,"column":0},"end":{"line":1,"column":57}}},"fnMap":{},"branchMap":{},"s":{"0":0},"f":{},"b":{}}
,"/Users/ravindraadireddy/AiApps/src/services/project-exporter/generators/AppGenerator.ts": {"path":"/Users/ravindraadireddy/AiApps/src/services/project-exporter/generators/AppGenerator.ts","statementMap":{"0":{"start":{"line":1,"column":0},"end":{"line":1,"column":78}}},"fnMap":{},"branchMap":{},"s":{"0":0},"f":{},"b":{}}
,"/Users/ravindraadireddy/AiApps/src/services/project-exporter/generators/PageGenerator.ts": {"path":"/Users/ravindraadireddy/AiApps/src/services/project-exporter/generators/PageGenerator.ts","statementMap":{"0":{"start":{"line":1,"column":0},"end":{"line":1,"column":79}}},"fnMap":{},"branchMap":{},"s":{"0":0},"f":{},"b":{}}
,"/Users/ravindraadireddy/AiApps/src/services/project-exporter/utils/expressionTranslator.ts": {"path":"/Users/ravindraadireddy/AiApps/src/services/project-exporter/utils/expressionTranslator.ts","statementMap":{"0":{"start":{"line":2,"column":0},"end":{"line":2,"column":81}}},"fnMap":{},"branchMap":{},"s":{"0":0},"f":{},"b":{}}
,"/Users/ravindraadireddy/AiApps/src/services/project-exporter/utils/stringUtils.ts": {"path":"/Users/ravindraadireddy/AiApps/src/services/project-exporter/utils/stringUtils.ts","statementMap":{"0":{"start":{"line":1,"column":0},"end":{"line":1,"column":72}}},"fnMap":{},"branchMap":{},"s":{"0":0},"f":{},"b":{}}
,"/Users/ravindraadireddy/AiApps/src/utils/data-helpers.ts": {"path":"/Users/ravindraadireddy/AiApps/src/utils/data-helpers.ts","statementMap":{"0":{"start":{"line":1,"column":0},"end":{"line":1,"column":41}}},"fnMap":{},"branchMap":{},"s":{"0":0},"f":{},"b":{}}
}
