TN:
SF:src/App.tsx
FN:6,(anonymous_9)
FN:10,(anonymous_10)
FN:15,(anonymous_11)
FN:20,(anonymous_12)
FNF:4
FNH:0
FNDA:0,(anonymous_9)
FNDA:0,(anonymous_10)
FNDA:0,(anonymous_11)
FNDA:0,(anonymous_12)
DA:1,0
DA:2,0
DA:3,0
DA:6,0
DA:7,0
DA:8,0
DA:10,0
DA:11,0
DA:12,0
DA:15,0
DA:16,0
DA:17,0
DA:20,0
DA:21,0
DA:22,0
DA:25,0
DA:26,0
DA:29,0
DA:32,0
LF:19
LH:0
BRDA:25,0,0,0
BRDA:25,1,0,0
BRDA:25,1,1,0
BRF:3
BRH:0
end_of_record
TN:
SF:src/CreateAppModal.tsx
FNF:0
FNH:0
DA:1,0
LF:1
LH:0
BRF:0
BRH:0
end_of_record
TN:
SF:src/Dashboard.tsx
FNF:0
FNH:0
DA:1,0
LF:1
LH:0
BRF:0
BRH:0
end_of_record
TN:
SF:src/DeleteConfirmationModal.tsx
FNF:0
FNH:0
DA:1,0
LF:1
LH:0
BRF:0
BRH:0
end_of_record
TN:
SF:src/Editor.tsx
FNF:0
FNH:0
DA:1,1
LF:1
LH:1
BRF:0
BRH:0
end_of_record
TN:
SF:src/ImportConfirmationModal.tsx
FNF:0
FNH:0
DA:1,0
LF:1
LH:0
BRF:0
BRH:0
end_of_record
TN:
SF:src/RenameAppModal.tsx
FNF:0
FNH:0
DA:1,0
LF:1
LH:0
BRF:0
BRH:0
end_of_record
TN:
SF:src/ThemeEditorModal.tsx
FNF:0
FNH:0
DA:1,0
LF:1
LH:0
BRF:0
BRH:0
end_of_record
TN:
SF:src/ThemePanel.tsx
FNF:0
FNH:0
DA:1,0
LF:1
LH:0
BRF:0
BRH:0
end_of_record
TN:
SF:src/storageService.ts
FN:39,(anonymous_0)
FN:53,(anonymous_1)
FN:66,(anonymous_2)
FN:80,(anonymous_3)
FN:89,(anonymous_4)
FN:107,(anonymous_5)
FN:133,(anonymous_6)
FN:140,(anonymous_7)
FN:147,(anonymous_8)
FN:167,(anonymous_9)
FN:169,(anonymous_10)
FN:174,(anonymous_11)
FN:189,(anonymous_12)
FN:197,(anonymous_13)
FN:200,(anonymous_14)
FN:202,(anonymous_15)
FN:206,(anonymous_16)
FN:222,(anonymous_17)
FN:235,(anonymous_18)
FN:240,(anonymous_19)
FN:242,(anonymous_20)
FN:252,(anonymous_21)
FN:254,(anonymous_22)
FN:259,(anonymous_23)
FN:264,(anonymous_24)
FN:266,(anonymous_25)
FN:276,(anonymous_26)
FN:278,(anonymous_27)
FN:284,(anonymous_28)
FN:296,(anonymous_29)
FN:307,(anonymous_30)
FN:322,(anonymous_31)
FN:325,(anonymous_32)
FN:335,(anonymous_33)
FNF:34
FNH:0
FNDA:0,(anonymous_0)
FNDA:0,(anonymous_1)
FNDA:0,(anonymous_2)
FNDA:0,(anonymous_3)
FNDA:0,(anonymous_4)
FNDA:0,(anonymous_5)
FNDA:0,(anonymous_6)
FNDA:0,(anonymous_7)
FNDA:0,(anonymous_8)
FNDA:0,(anonymous_9)
FNDA:0,(anonymous_10)
FNDA:0,(anonymous_11)
FNDA:0,(anonymous_12)
FNDA:0,(anonymous_13)
FNDA:0,(anonymous_14)
FNDA:0,(anonymous_15)
FNDA:0,(anonymous_16)
FNDA:0,(anonymous_17)
FNDA:0,(anonymous_18)
FNDA:0,(anonymous_19)
FNDA:0,(anonymous_20)
FNDA:0,(anonymous_21)
FNDA:0,(anonymous_22)
FNDA:0,(anonymous_23)
FNDA:0,(anonymous_24)
FNDA:0,(anonymous_25)
FNDA:0,(anonymous_26)
FNDA:0,(anonymous_27)
FNDA:0,(anonymous_28)
FNDA:0,(anonymous_29)
FNDA:0,(anonymous_30)
FNDA:0,(anonymous_31)
FNDA:0,(anonymous_32)
FNDA:0,(anonymous_33)
DA:3,0
DA:4,0
DA:5,0
DA:6,0
DA:7,0
DA:9,0
DA:38,0
DA:40,0
DA:41,0
DA:42,0
DA:44,0
DA:45,0
DA:46,0
DA:48,0
DA:49,0
DA:54,0
DA:55,0
DA:56,0
DA:58,0
DA:59,0
DA:62,0
DA:63,0
DA:64,0
DA:65,0
DA:66,0
DA:70,0
DA:71,0
DA:73,0
DA:75,0
DA:76,0
DA:81,0
DA:86,0
DA:88,0
DA:89,0
DA:90,0
DA:97,0
DA:98,0
DA:100,0
DA:102,0
DA:104,0
DA:108,0
DA:110,0
DA:111,0
DA:124,0
DA:128,0
DA:130,0
DA:131,0
DA:133,0
DA:134,0
DA:135,0
DA:136,0
DA:137,0
DA:140,0
DA:141,0
DA:142,0
DA:143,0
DA:144,0
DA:147,0
DA:148,0
DA:149,0
DA:151,0
DA:154,0
DA:156,0
DA:164,0
DA:168,0
DA:169,0
DA:170,0
DA:171,0
DA:175,0
DA:176,0
DA:177,0
DA:179,0
DA:180,0
DA:181,0
DA:190,0
DA:191,0
DA:192,0
DA:194,0
DA:198,0
DA:199,0
DA:200,0
DA:202,0
DA:203,0
DA:207,0
DA:209,0
DA:210,0
DA:211,0
DA:212,0
DA:214,0
DA:216,0
DA:219,0
DA:221,0
DA:222,0
DA:223,0
DA:225,0
DA:226,0
DA:227,0
DA:229,0
DA:236,0
DA:237,0
DA:241,0
DA:242,0
DA:243,0
DA:244,0
DA:246,0
DA:248,0
DA:249,0
DA:253,0
DA:254,0
DA:255,0
DA:260,0
DA:261,0
DA:265,0
DA:266,0
DA:267,0
DA:268,0
DA:270,0
DA:272,0
DA:273,0
DA:277,0
DA:278,0
DA:279,0
DA:284,0
DA:285,0
DA:286,0
DA:289,0
DA:290,0
DA:292,0
DA:293,0
DA:294,0
DA:295,0
DA:296,0
DA:297,0
DA:298,0
DA:299,0
DA:307,0
DA:310,0
DA:312,0
DA:315,0
DA:317,0
DA:322,0
DA:323,0
DA:325,0
DA:326,0
DA:327,0
DA:329,0
DA:332,0
DA:333,0
DA:334,0
DA:335,0
DA:336,0
DA:337,0
DA:340,0
DA:343,0
LF:154
LH:0
BRDA:41,0,0,0
BRDA:46,1,0,0
BRDA:46,1,1,0
BRDA:55,2,0,0
BRDA:62,3,0,0
BRDA:62,4,0,0
BRDA:62,4,1,0
BRDA:66,5,0,0
BRDA:66,5,1,0
BRDA:70,6,0,0
BRDA:70,7,0,0
BRDA:70,7,1,0
BRDA:97,8,0,0
BRDA:97,8,1,0
BRDA:108,9,0,0
BRDA:148,10,0,0
BRDA:149,11,0,0
BRDA:149,11,1,0
BRDA:176,12,0,0
BRDA:191,13,0,0
BRDA:209,14,0,0
BRDA:211,15,0,0
BRDA:211,15,1,0
BRDA:211,16,0,0
BRDA:211,16,1,0
BRDA:211,16,2,0
BRDA:226,17,0,0
BRDA:226,17,1,0
BRDA:226,18,0,0
BRDA:226,18,1,0
BRDA:226,18,2,0
BRDA:237,19,0,0
BRDA:237,19,1,0
BRDA:243,20,0,0
BRDA:243,20,1,0
BRDA:261,21,0,0
BRDA:261,21,1,0
BRDA:267,22,0,0
BRDA:267,22,1,0
BRDA:285,23,0,0
BRDA:294,24,0,0
BRDA:296,25,0,0
BRDA:307,26,0,0
BRDA:307,26,1,0
BRDA:308,27,0,0
BRDA:308,27,1,0
BRDA:326,28,0,0
BRF:47
BRH:0
end_of_record
TN:
SF:src/components/AIPromptBar.tsx
FNF:0
FNH:0
DA:1,0
LF:1
LH:0
BRF:0
BRH:0
end_of_record
TN:
SF:src/components/Canvas.tsx
FNF:0
FNH:0
DA:1,0
LF:1
LH:0
BRF:0
BRH:0
end_of_record
TN:
SF:src/components/ComponentPalette.tsx
FN:11,(anonymous_1)
FN:12,(anonymous_2)
FN:32,(anonymous_3)
FN:67,(anonymous_4)
FNF:4
FNH:0
FNDA:0,(anonymous_1)
FNDA:0,(anonymous_2)
FNDA:0,(anonymous_3)
FNDA:0,(anonymous_4)
DA:1,0
DA:3,0
DA:11,0
DA:12,0
DA:13,0
DA:14,0
DA:17,0
DA:32,0
DA:33,0
DA:34,0
DA:50,0
DA:68,0
LF:12
LH:0
BRDA:33,0,0,0
BRF:1
BRH:0
end_of_record
TN:
SF:src/components/DataPanel.tsx
FNF:0
FNH:0
DA:1,0
LF:1
LH:0
BRF:0
BRH:0
end_of_record
TN:
SF:src/components/ExpressionEditorModal.tsx
FNF:0
FNH:0
DA:1,0
LF:1
LH:0
BRF:0
BRH:0
end_of_record
TN:
SF:src/components/Preview.tsx
FNF:0
FNH:0
DA:1,0
LF:1
LH:0
BRF:0
BRH:0
end_of_record
TN:
SF:src/components/PropertiesPanel.tsx
FNF:0
FNH:0
DA:1,0
LF:1
LH:0
BRF:0
BRH:0
end_of_record
TN:
SF:src/components/RenderedComponent.tsx
FNF:0
FNH:0
DA:1,0
LF:1
LH:0
BRF:0
BRH:0
end_of_record
TN:
SF:src/components/SaveAsTemplateModal.tsx
FNF:0
FNH:0
DA:1,0
LF:1
LH:0
BRF:0
BRH:0
end_of_record
TN:
SF:src/components/StatePanel.tsx
FNF:0
FNH:0
DA:1,0
LF:1
LH:0
BRF:0
BRH:0
end_of_record
TN:
SF:src/components/TemplateSelectionModal.tsx
FNF:0
FNH:0
DA:1,0
LF:1
LH:0
BRF:0
BRH:0
end_of_record
TN:
SF:src/components/TreeView.tsx
FNF:0
FNH:0
DA:1,0
LF:1
LH:0
BRF:0
BRH:0
end_of_record
TN:
SF:src/components/TreeViewIcons.tsx
FNF:0
FNH:0
DA:1,0
LF:1
LH:0
BRF:0
BRH:0
end_of_record
TN:
SF:src/components/component-registry/Button.tsx
FNF:0
FNH:0
DA:1,0
LF:1
LH:0
BRF:0
BRH:0
end_of_record
TN:
SF:src/components/component-registry/Checkbox.tsx
FNF:0
FNH:0
DA:1,0
LF:1
LH:0
BRF:0
BRH:0
end_of_record
TN:
SF:src/components/component-registry/Divider.tsx
FNF:0
FNH:0
DA:1,0
LF:1
LH:0
BRF:0
BRH:0
end_of_record
TN:
SF:src/components/component-registry/Form.tsx
FNF:0
FNH:0
DA:1,0
LF:1
LH:0
BRF:0
BRH:0
end_of_record
TN:
SF:src/components/component-registry/HStack.tsx
FNF:0
FNH:0
DA:1,0
LF:1
LH:0
BRF:0
BRH:0
end_of_record
TN:
SF:src/components/component-registry/Image.tsx
FNF:0
FNH:0
DA:1,0
LF:1
LH:0
BRF:0
BRH:0
end_of_record
TN:
SF:src/components/component-registry/Input.tsx
FNF:0
FNH:0
DA:1,0
LF:1
LH:0
BRF:0
BRH:0
end_of_record
TN:
SF:src/components/component-registry/Label.tsx
FNF:0
FNH:0
DA:1,0
LF:1
LH:0
BRF:0
BRH:0
end_of_record
TN:
SF:src/components/component-registry/Modal.tsx
FNF:0
FNH:0
DA:1,0
LF:1
LH:0
BRF:0
BRH:0
end_of_record
TN:
SF:src/components/component-registry/Panel.tsx
FNF:0
FNH:0
DA:1,0
LF:1
LH:0
BRF:0
BRH:0
end_of_record
TN:
SF:src/components/component-registry/RadioGroup.tsx
FNF:0
FNH:0
DA:1,0
LF:1
LH:0
BRF:0
BRH:0
end_of_record
TN:
SF:src/components/component-registry/Select.tsx
FNF:0
FNH:0
DA:1,0
LF:1
LH:0
BRF:0
BRH:0
end_of_record
TN:
SF:src/components/component-registry/Switch.tsx
FNF:0
FNH:0
DA:1,0
LF:1
LH:0
BRF:0
BRH:0
end_of_record
TN:
SF:src/components/component-registry/Table.tsx
FNF:0
FNH:0
DA:1,0
LF:1
LH:0
BRF:0
BRH:0
end_of_record
TN:
SF:src/components/component-registry/Textarea.tsx
FNF:0
FNH:0
DA:1,0
LF:1
LH:0
BRF:0
BRH:0
end_of_record
TN:
SF:src/components/component-registry/VStack.tsx
FNF:0
FNH:0
DA:1,0
LF:1
LH:0
BRF:0
BRH:0
end_of_record
TN:
SF:src/components/component-registry/registry.ts
FNF:0
FNH:0
DA:1,0
LF:1
LH:0
BRF:0
BRH:0
end_of_record
TN:
SF:src/data-sources/LocalStorageProvider.ts
FNF:0
FNH:0
DA:1,0
LF:1
LH:0
BRF:0
BRH:0
end_of_record
TN:
SF:src/data-sources/MockDbProvider.ts
FNF:0
FNH:0
DA:1,0
LF:1
LH:0
BRF:0
BRH:0
end_of_record
TN:
SF:src/data-sources/provider.ts
FNF:0
FNH:0
DA:1,0
LF:1
LH:0
BRF:0
BRH:0
end_of_record
TN:
SF:src/data-sources/registry.ts
FNF:0
FNH:0
DA:1,0
LF:1
LH:0
BRF:0
BRH:0
end_of_record
TN:
SF:src/expressions/engine.ts
FN:17,safeEval
FN:54,parseDependencies
FN:59,(anonymous_2)
FNF:3
FNH:0
FNDA:0,safeEval
FNDA:0,parseDependencies
FNDA:0,(anonymous_2)
DA:17,0
DA:18,0
DA:19,0
DA:20,0
DA:23,0
DA:24,0
DA:25,0
DA:28,0
DA:29,0
DA:30,0
DA:33,0
DA:35,0
DA:36,0
DA:37,0
DA:39,0
DA:40,0
DA:41,0
DA:42,0
DA:43,0
DA:46,0
DA:47,0
DA:48,0
DA:50,0
DA:54,0
DA:55,0
DA:56,0
DA:57,0
DA:58,0
DA:59,0
DA:60,0
DA:61,0
DA:65,0
LF:32
LH:0
BRDA:19,0,0,0
BRDA:24,1,0,0
BRDA:29,2,0,0
BRDA:39,3,0,0
BRDA:42,4,0,0
BRDA:42,5,0,0
BRDA:42,5,1,0
BRDA:47,6,0,0
BRDA:47,7,0,0
BRDA:47,7,1,0
BRDA:58,8,0,0
BRDA:60,9,0,0
BRF:12
BRH:0
end_of_record
TN:
SF:src/hooks/useAppData.ts
FN:7,(anonymous_0)
FN:38,(anonymous_1)
FN:55,(anonymous_2)
FN:56,(anonymous_3)
FN:62,(anonymous_4)
FN:66,(anonymous_5)
FN:67,(anonymous_6)
FN:73,(anonymous_7)
FN:75,(anonymous_8)
FN:83,(anonymous_9)
FN:87,(anonymous_10)
FN:91,(anonymous_11)
FN:99,(anonymous_12)
FN:108,(anonymous_13)
FN:114,(anonymous_14)
FN:115,(anonymous_15)
FN:121,(anonymous_16)
FN:122,(anonymous_17)
FN:126,(anonymous_18)
FN:132,(anonymous_19)
FN:133,(anonymous_20)
FN:140,(anonymous_21)
FN:141,(anonymous_22)
FN:151,(anonymous_23)
FN:176,(anonymous_24)
FN:183,(anonymous_25)
FN:184,(anonymous_26)
FN:186,(anonymous_27)
FN:192,(anonymous_28)
FN:193,(anonymous_29)
FN:194,(anonymous_30)
FN:197,(anonymous_31)
FN:208,(anonymous_32)
FN:210,(anonymous_33)
FN:224,(anonymous_34)
FN:228,(anonymous_35)
FN:229,(anonymous_36)
FN:231,(anonymous_37)
FN:232,(anonymous_38)
FN:243,(anonymous_39)
FN:246,(anonymous_40)
FN:246,(anonymous_41)
FN:249,(anonymous_42)
FN:251,(anonymous_43)
FN:253,(anonymous_44)
FN:254,(anonymous_45)
FN:261,(anonymous_46)
FN:267,(anonymous_47)
FN:273,(anonymous_48)
FN:274,(anonymous_49)
FN:287,(anonymous_50)
FN:289,(anonymous_51)
FN:290,(anonymous_52)
FN:297,(anonymous_53)
FN:310,(anonymous_54)
FN:311,(anonymous_55)
FN:317,(anonymous_56)
FN:319,(anonymous_57)
FN:326,(anonymous_58)
FN:362,(anonymous_59)
FN:382,(anonymous_60)
FN:386,(anonymous_61)
FN:387,(anonymous_62)
FN:387,(anonymous_63)
FN:394,(anonymous_64)
FN:403,(anonymous_65)
FN:405,(anonymous_66)
FN:412,(anonymous_67)
FN:415,(anonymous_68)
FN:422,(anonymous_69)
FN:424,(anonymous_70)
FN:431,(anonymous_71)
FN:433,(anonymous_72)
FN:440,(anonymous_73)
FN:443,(anonymous_74)
FN:450,(anonymous_75)
FN:452,(anonymous_76)
FN:460,(anonymous_77)
FN:461,(anonymous_78)
FN:477,(anonymous_79)
FN:478,(anonymous_80)
FN:496,(anonymous_81)
FN:507,(anonymous_82)
FN:522,(anonymous_83)
FN:523,(anonymous_84)
FN:534,(anonymous_85)
FN:535,(anonymous_86)
FN:546,(anonymous_87)
FN:547,(anonymous_88)
FN:558,(anonymous_89)
FN:562,(anonymous_90)
FN:563,(anonymous_91)
FN:569,(anonymous_92)
FN:577,(anonymous_93)
FN:582,(anonymous_94)
FN:583,(anonymous_95)
FN:588,(anonymous_96)
FN:590,(anonymous_97)
FN:602,(anonymous_98)
FN:602,(anonymous_99)
FN:616,(anonymous_100)
FNF:101
FNH:0
FNDA:0,(anonymous_0)
FNDA:0,(anonymous_1)
FNDA:0,(anonymous_2)
FNDA:0,(anonymous_3)
FNDA:0,(anonymous_4)
FNDA:0,(anonymous_5)
FNDA:0,(anonymous_6)
FNDA:0,(anonymous_7)
FNDA:0,(anonymous_8)
FNDA:0,(anonymous_9)
FNDA:0,(anonymous_10)
FNDA:0,(anonymous_11)
FNDA:0,(anonymous_12)
FNDA:0,(anonymous_13)
FNDA:0,(anonymous_14)
FNDA:0,(anonymous_15)
FNDA:0,(anonymous_16)
FNDA:0,(anonymous_17)
FNDA:0,(anonymous_18)
FNDA:0,(anonymous_19)
FNDA:0,(anonymous_20)
FNDA:0,(anonymous_21)
FNDA:0,(anonymous_22)
FNDA:0,(anonymous_23)
FNDA:0,(anonymous_24)
FNDA:0,(anonymous_25)
FNDA:0,(anonymous_26)
FNDA:0,(anonymous_27)
FNDA:0,(anonymous_28)
FNDA:0,(anonymous_29)
FNDA:0,(anonymous_30)
FNDA:0,(anonymous_31)
FNDA:0,(anonymous_32)
FNDA:0,(anonymous_33)
FNDA:0,(anonymous_34)
FNDA:0,(anonymous_35)
FNDA:0,(anonymous_36)
FNDA:0,(anonymous_37)
FNDA:0,(anonymous_38)
FNDA:0,(anonymous_39)
FNDA:0,(anonymous_40)
FNDA:0,(anonymous_41)
FNDA:0,(anonymous_42)
FNDA:0,(anonymous_43)
FNDA:0,(anonymous_44)
FNDA:0,(anonymous_45)
FNDA:0,(anonymous_46)
FNDA:0,(anonymous_47)
FNDA:0,(anonymous_48)
FNDA:0,(anonymous_49)
FNDA:0,(anonymous_50)
FNDA:0,(anonymous_51)
FNDA:0,(anonymous_52)
FNDA:0,(anonymous_53)
FNDA:0,(anonymous_54)
FNDA:0,(anonymous_55)
FNDA:0,(anonymous_56)
FNDA:0,(anonymous_57)
FNDA:0,(anonymous_58)
FNDA:0,(anonymous_59)
FNDA:0,(anonymous_60)
FNDA:0,(anonymous_61)
FNDA:0,(anonymous_62)
FNDA:0,(anonymous_63)
FNDA:0,(anonymous_64)
FNDA:0,(anonymous_65)
FNDA:0,(anonymous_66)
FNDA:0,(anonymous_67)
FNDA:0,(anonymous_68)
FNDA:0,(anonymous_69)
FNDA:0,(anonymous_70)
FNDA:0,(anonymous_71)
FNDA:0,(anonymous_72)
FNDA:0,(anonymous_73)
FNDA:0,(anonymous_74)
FNDA:0,(anonymous_75)
FNDA:0,(anonymous_76)
FNDA:0,(anonymous_77)
FNDA:0,(anonymous_78)
FNDA:0,(anonymous_79)
FNDA:0,(anonymous_80)
FNDA:0,(anonymous_81)
FNDA:0,(anonymous_82)
FNDA:0,(anonymous_83)
FNDA:0,(anonymous_84)
FNDA:0,(anonymous_85)
FNDA:0,(anonymous_86)
FNDA:0,(anonymous_87)
FNDA:0,(anonymous_88)
FNDA:0,(anonymous_89)
FNDA:0,(anonymous_90)
FNDA:0,(anonymous_91)
FNDA:0,(anonymous_92)
FNDA:0,(anonymous_93)
FNDA:0,(anonymous_94)
FNDA:0,(anonymous_95)
FNDA:0,(anonymous_96)
FNDA:0,(anonymous_97)
FNDA:0,(anonymous_98)
FNDA:0,(anonymous_99)
FNDA:0,(anonymous_100)
DA:1,0
DA:2,0
DA:3,0
DA:4,0
DA:5,0
DA:7,0
DA:8,0
DA:9,0
DA:10,0
DA:11,0
DA:12,0
DA:14,0
DA:15,0
DA:18,0
DA:19,0
DA:38,0
DA:39,0
DA:40,0
DA:41,0
DA:43,0
DA:46,0
DA:48,0
DA:55,0
DA:56,0
DA:57,0
DA:58,0
DA:59,0
DA:61,0
DA:62,0
DA:66,0
DA:67,0
DA:68,0
DA:73,0
DA:74,0
DA:75,0
DA:76,0
DA:78,0
DA:82,0
DA:83,0
DA:84,0
DA:85,0
DA:87,0
DA:88,0
DA:91,0
DA:92,0
DA:93,0
DA:99,0
DA:100,0
DA:101,0
DA:102,0
DA:108,0
DA:109,0
DA:110,0
DA:111,0
DA:114,0
DA:115,0
DA:121,0
DA:122,0
DA:123,0
DA:124,0
DA:126,0
DA:132,0
DA:133,0
DA:134,0
DA:135,0
DA:136,0
DA:140,0
DA:141,0
DA:151,0
DA:152,0
DA:153,0
DA:155,0
DA:166,0
DA:167,0
DA:168,0
DA:169,0
DA:170,0
DA:171,0
DA:173,0
DA:176,0
DA:183,0
DA:184,0
DA:187,0
DA:192,0
DA:193,0
DA:194,0
DA:195,0
DA:198,0
DA:199,0
DA:201,0
DA:208,0
DA:209,0
DA:210,0
DA:211,0
DA:212,0
DA:213,0
DA:215,0
DA:217,0
DA:220,0
DA:224,0
DA:225,0
DA:228,0
DA:229,0
DA:230,0
DA:231,0
DA:232,0
DA:233,0
DA:234,0
DA:235,0
DA:239,0
DA:241,0
DA:243,0
DA:246,0
DA:249,0
DA:250,0
DA:251,0
DA:252,0
DA:253,0
DA:254,0
DA:255,0
DA:256,0
DA:257,0
DA:261,0
DA:262,0
DA:263,0
DA:265,0
DA:267,0
DA:270,0
DA:273,0
DA:274,0
DA:287,0
DA:289,0
DA:290,0
DA:291,0
DA:293,0
DA:294,0
DA:295,0
DA:296,0
DA:297,0
DA:298,0
DA:299,0
DA:300,0
DA:301,0
DA:303,0
DA:306,0
DA:310,0
DA:311,0
DA:312,0
DA:313,0
DA:314,0
DA:317,0
DA:318,0
DA:319,0
DA:320,0
DA:322,0
DA:323,0
DA:324,0
DA:326,0
DA:327,0
DA:329,0
DA:332,0
DA:333,0
DA:335,0
DA:336,0
DA:337,0
DA:343,0
DA:344,0
DA:345,0
DA:346,0
DA:351,0
DA:352,0
DA:354,0
DA:355,0
DA:358,0
DA:359,0
DA:360,0
DA:362,0
DA:363,0
DA:364,0
DA:374,0
DA:377,0
DA:382,0
DA:383,0
DA:385,0
DA:386,0
DA:387,0
DA:389,0
DA:391,0
DA:392,0
DA:394,0
DA:401,0
DA:403,0
DA:404,0
DA:405,0
DA:406,0
DA:407,0
DA:409,0
DA:412,0
DA:413,0
DA:414,0
DA:415,0
DA:416,0
DA:417,0
DA:419,0
DA:422,0
DA:423,0
DA:424,0
DA:425,0
DA:426,0
DA:428,0
DA:431,0
DA:432,0
DA:433,0
DA:434,0
DA:435,0
DA:437,0
DA:440,0
DA:441,0
DA:442,0
DA:443,0
DA:444,0
DA:445,0
DA:447,0
DA:450,0
DA:451,0
DA:452,0
DA:453,0
DA:454,0
DA:456,0
DA:459,0
DA:460,0
DA:461,0
DA:462,0
DA:463,0
DA:464,0
DA:466,0
DA:467,0
DA:468,0
DA:469,0
DA:470,0
DA:473,0
DA:476,0
DA:477,0
DA:478,0
DA:479,0
DA:480,0
DA:481,0
DA:483,0
DA:484,0
DA:485,0
DA:486,0
DA:487,0
DA:490,0
DA:493,0
DA:494,0
DA:495,0
DA:496,0
DA:497,0
DA:498,0
DA:501,0
DA:504,0
DA:505,0
DA:506,0
DA:507,0
DA:508,0
DA:509,0
DA:512,0
DA:516,0
DA:517,0
DA:522,0
DA:523,0
DA:524,0
DA:525,0
DA:526,0
DA:527,0
DA:528,0
DA:530,0
DA:531,0
DA:534,0
DA:535,0
DA:536,0
DA:537,0
DA:538,0
DA:539,0
DA:540,0
DA:541,0
DA:542,0
DA:546,0
DA:547,0
DA:548,0
DA:549,0
DA:550,0
DA:551,0
DA:552,0
DA:553,0
DA:554,0
DA:558,0
DA:559,0
DA:562,0
DA:563,0
DA:569,0
DA:577,0
DA:578,0
DA:579,0
DA:582,0
DA:583,0
DA:588,0
DA:589,0
DA:590,0
DA:591,0
DA:592,0
DA:593,0
DA:597,0
DA:602,0
DA:603,0
DA:604,0
DA:605,0
DA:606,0
DA:613,0
DA:616,0
DA:618,0
LF:321
LH:0
BRDA:9,0,0,0
BRDA:9,0,1,0
BRDA:9,0,2,0
BRDA:9,0,3,0
BRDA:9,0,4,0
BRDA:9,0,5,0
BRDA:12,1,0,0
BRDA:12,1,1,0
BRDA:19,2,0,0
BRDA:19,2,1,0
BRDA:19,3,0,0
BRDA:19,3,1,0
BRDA:57,4,0,0
BRDA:59,5,0,0
BRDA:84,6,0,0
BRDA:92,7,0,0
BRDA:122,8,0,0
BRDA:151,9,0,0
BRDA:153,10,0,0
BRDA:168,11,0,0
BRDA:168,12,0,0
BRDA:168,12,1,0
BRDA:170,13,0,0
BRDA:170,14,0,0
BRDA:170,14,1,0
BRDA:187,15,0,0
BRDA:187,15,1,0
BRDA:198,16,0,0
BRDA:209,17,0,0
BRDA:209,17,1,0
BRDA:209,18,0,0
BRDA:209,18,1,0
BRDA:209,18,2,0
BRDA:209,18,3,0
BRDA:212,19,0,0
BRDA:212,19,1,0
BRDA:233,20,0,0
BRDA:250,21,0,0
BRDA:255,22,0,0
BRDA:291,23,0,0
BRDA:298,24,0,0
BRDA:298,24,1,0
BRDA:312,25,0,0
BRDA:312,26,0,0
BRDA:312,26,1,0
BRDA:313,27,0,0
BRDA:320,28,0,0
BRDA:329,29,0,0
BRDA:329,29,1,0
BRDA:329,29,2,0
BRDA:329,29,3,0
BRDA:337,30,0,0
BRDA:338,31,0,0
BRDA:338,31,1,0
BRDA:338,31,2,0
BRDA:338,31,3,0
BRDA:344,32,0,0
BRDA:351,33,0,0
BRDA:351,33,1,0
BRDA:352,34,0,0
BRDA:352,34,1,0
BRDA:354,35,0,0
BRDA:358,36,0,0
BRDA:358,36,1,0
BRDA:363,37,0,0
BRDA:383,38,0,0
BRDA:389,39,0,0
BRDA:401,40,0,0
BRDA:401,40,1,0
BRDA:401,40,2,0
BRDA:401,40,3,0
BRDA:401,40,4,0
BRDA:401,40,5,0
BRDA:401,40,6,0
BRDA:401,40,7,0
BRDA:401,40,8,0
BRDA:401,40,9,0
BRDA:459,41,0,0
BRDA:476,42,0,0
BRDA:494,43,0,0
BRDA:497,44,0,0
BRDA:505,45,0,0
BRDA:508,46,0,0
BRDA:516,47,0,0
BRDA:524,48,0,0
BRDA:526,49,0,0
BRDA:536,50,0,0
BRDA:536,51,0,0
BRDA:536,51,1,0
BRDA:541,52,0,0
BRDA:541,53,0,0
BRDA:541,53,1,0
BRDA:541,53,2,0
BRDA:541,53,3,0
BRDA:542,54,0,0
BRDA:542,54,1,0
BRDA:542,55,0,0
BRDA:542,55,1,0
BRDA:548,56,0,0
BRDA:548,57,0,0
BRDA:548,57,1,0
BRDA:553,58,0,0
BRDA:553,59,0,0
BRDA:553,59,1,0
BRDA:553,59,2,0
BRDA:553,59,3,0
BRDA:592,60,0,0
BRDA:592,60,1,0
BRDA:604,61,0,0
BRDA:607,62,0,0
BRDA:607,62,1,0
BRDA:607,63,0,0
BRDA:607,63,1,0
BRF:113
BRH:0
end_of_record
TN:
SF:src/property-renderers/registry.ts
FNF:0
FNH:0
DA:1,0
LF:1
LH:0
BRF:0
BRH:0
end_of_record
TN:
SF:src/property-renderers/useJavaScriptRenderer.ts
FNF:0
FNH:0
DA:1,0
LF:1
LH:0
BRF:0
BRH:0
end_of_record
TN:
SF:src/property-renderers/useMarkdownRenderer.ts
FNF:0
FNH:0
DA:1,0
LF:1
LH:0
BRF:0
BRH:0
end_of_record
TN:
SF:src/services/geminiService.ts
FNF:0
FNH:0
DA:1,1
LF:1
LH:1
BRF:0
BRH:0
end_of_record
TN:
SF:src/services/projectExporter.ts
FNF:0
FNH:0
DA:1,0
LF:1
LH:0
BRF:0
BRH:0
end_of_record
TN:
SF:src/services/project-exporter/index.ts
FNF:0
FNH:0
DA:1,0
LF:1
LH:0
BRF:0
BRH:0
end_of_record
TN:
SF:src/services/project-exporter/generators/AppGenerator.ts
FNF:0
FNH:0
DA:1,0
LF:1
LH:0
BRF:0
BRH:0
end_of_record
TN:
SF:src/services/project-exporter/generators/PageGenerator.ts
FNF:0
FNH:0
DA:1,0
LF:1
LH:0
BRF:0
BRH:0
end_of_record
TN:
SF:src/services/project-exporter/utils/expressionTranslator.ts
FNF:0
FNH:0
DA:2,0
LF:1
LH:0
BRF:0
BRH:0
end_of_record
TN:
SF:src/services/project-exporter/utils/stringUtils.ts
FNF:0
FNH:0
DA:1,0
LF:1
LH:0
BRF:0
BRH:0
end_of_record
TN:
SF:src/utils/data-helpers.ts
FNF:0
FNH:0
DA:1,0
LF:1
LH:0
BRF:0
BRH:0
end_of_record
